00:25:18.851 [main                     ] DEBUG Logger               - Configured Logger
00:25:18.873 [main                     ] DEBUG GameApplication      - Logging settings
Title: RealPhysics
Version: 0.0
Width: 1400
Height: 900
Fullscreen: false
Intro: false
Profiling: true
Single step:false
App Mode: DEVELOPER
Menu Key: ESCAPE
Stage Style: DECORATED
Scene Factory: class com.almasb.fxgl.app.scene.SceneFactory

00:25:19.199 [JavaFX Application Thread] DEBUG FXGLApplication      - Initializing FXGL
00:25:19.202 [JavaFX Application Thread] INFO  Engine               - FXGL-21.1 (27.03.2024 07.52) on WINDOWS (J:21.0.11 FX:21.0.6)
00:25:19.202 [JavaFX Application Thread] DEBUG Engine               - JRE Vendor Name: Eclipse Adoptium
00:25:19.202 [JavaFX Application Thread] DEBUG Engine               - Running on OS: Windows 11 version 10.0
00:25:19.203 [JavaFX Application Thread] DEBUG Engine               - Architecture: amd64
00:25:19.203 [JavaFX Application Thread] INFO  Engine               - Source code and latest versions at: https://github.com/AlmasB/FXGL
00:25:19.203 [JavaFX Application Thread] INFO  Engine               -       Ask questions and discuss at: https://github.com/AlmasB/FXGL/discussions
00:25:19.203 [JavaFX Application Thread] INFO  Engine               -              Join the FXGL chat at: https://gitter.im/AlmasB/FXGL
00:25:19.264 [JavaFX Application Thread] DEBUG PrimaryStageWindow   - Creating a JavaFX scene
00:25:19.264 [JavaFX Application Thread] DEBUG PrimaryStageWindow   - Target size > screen size
00:25:19.302 [JavaFX Application Thread] DEBUG PrimaryStageWindow   - Target settings size: 1400.0 x 900.0
00:25:19.302 [JavaFX Application Thread] DEBUG PrimaryStageWindow   - Scaled scene size:    1319.0 x 864.0
00:25:19.302 [JavaFX Application Thread] DEBUG PrimaryStageWindow   - Scaled ratio: (0.9421428571428572, 0.96)
00:25:19.303 [JavaFX Application Thread] DEBUG PrimaryStageWindow   - Set initial scene to FXGLStartupScene
00:25:19.306 [JavaFX Application Thread] DEBUG PrimaryStageWindow   - Opening main window
00:25:19.391 [JavaFX Application Thread] DEBUG PrimaryStageWindow   - Window border size: (14.5999755859375, 37.5999755859375)
00:25:19.391 [JavaFX Application Thread] DEBUG PrimaryStageWindow   - Scaled size: 1319.0 x 864.0
00:25:19.391 [JavaFX Application Thread] DEBUG PrimaryStageWindow   - Scaled ratio: (0.9421428571428572, 0.96)
00:25:19.392 [JavaFX Application Thread] DEBUG PrimaryStageWindow   - Scene size: 1319.0 x 864.0
00:25:19.392 [JavaFX Application Thread] DEBUG PrimaryStageWindow   - Stage size: 1333.5999755859375 x 901.5999755859375
00:25:19.400 [FXGL Background Thread 1 ] DEBUG Engine               - Initializing environment variables
00:25:19.450 [FXGL Background Thread 1 ] DEBUG FXGLAssetLoaderServi - User app class for loading assets: class com.example.realphysics.App
00:25:19.450 [FXGL Background Thread 1 ] DEBUG GameApplicationServi - Applying CSS: fxgl_dark.css
00:25:19.451 [FXGL Background Thread 1 ] DEBUG FXGLAssetLoaderServi - Loading from file system: jar:file:///C:/Users/naith/.m2/repository/com/github/almasb/fxgl/21.1/fxgl-21.1.jar!/fxglassets/ui/css/fxgl_dark.css
00:25:19.486 [FXGL Background Thread 1 ] DEBUG GameApplicationServi - Initializing application scenes
00:25:19.526 [FXGL Background Thread 1 ] DEBUG GameWorld            - Game world initialized
00:25:19.571 [FXGL Background Thread 1 ] DEBUG PhysicsWorld         - Physics world initialized: appHeight=900, physics.ppm=50.0
00:25:19.572 [FXGL Background Thread 1 ] DEBUG PhysicsWorld         - Using strategy: BRUTE_FORCE
00:25:19.575 [FXGL Background Thread 1 ] DEBUG GameScene            - Game scene initialized: 1400x900
00:25:19.583 [FXGL Background Thread 1 ] DEBUG FXGL.DefaultMenu     - createMenuBodyGameMenu()
00:25:19.593 [FXGL Background Thread 1 ] DEBUG FXGL.DefaultMenu     - createOptionsMenu()
00:25:19.601 [FXGL Background Thread 1 ] DEBUG FXGLAssetLoaderServi - Loading from file system: jar:file:///C:/Users/naith/.m2/repository/com/github/almasb/fxgl/21.1/fxgl-21.1.jar!/fxglassets/textures/particles/smoke.png
00:25:19.686 [FXGL Background Thread 1 ] DEBUG FXGLAssetLoaderServi - Loading from file system: jar:file:///C:/Users/naith/.m2/repository/com/github/almasb/fxgl/21.1/fxgl-21.1.jar!/fxglassets/textures/particles/trace_horizontal.png
00:25:19.723 [FXGL Background Thread 1 ] DEBUG GameApplicationServi - Application scenes initialized
00:25:19.732 [FXGL Background Thread 1 ] DEBUG SystemBundleService  - Loading FXGL system data
00:25:19.734 [FXGL Background Thread 1 ] DEBUG FileSystemAccess     - Reading from: C:\Physics engin\RealPhysics\system\fxgl.bundle
00:25:19.742 [FXGL Background Thread 1 ] DEBUG SystemBundleService  - Bundle FXGL: {}
00:25:19.743 [FXGL Background Thread 1 ] DEBUG UpdaterService       - Checking for updates
00:25:19.754 [FXGL Background Thread 4 ] DEBUG FXGLApplication      - Loading fonts
00:25:19.754 [FXGL Background Thread 4 ] DEBUG FXGLAssetLoaderServi - Loading from file system: jar:file:///C:/Users/naith/.m2/repository/com/github/almasb/fxgl/21.1/fxgl-21.1.jar!/fxglassets/ui/fonts/VarelaRound-Regular.ttf
00:25:19.755 [FXGL Background Thread 1 ] DEBUG FXGLApplication      - Loading default localization
00:25:19.755 [FXGL Background Thread 1 ] DEBUG FXGLAssetLoaderServi - Loading from file system: jar:file:///C:/Users/naith/.m2/repository/com/github/almasb/fxgl/21.1/fxgl-21.1.jar!/fxglassets/languages/english.lang
00:25:19.777 [FXGL Background Thread 1 ] INFO  FXGLApplication      - FXGL initialization took: 0.378 sec
00:25:19.779 [JavaFX Application Thread] DEBUG FXGLAssetLoaderServi - Loading from file system: jar:file:///C:/Users/naith/.m2/repository/com/github/almasb/fxgl/21.1/fxgl-21.1.jar!/fxglassets/textures/fxgl_icon.png
00:25:19.779 [FXGL Background Thread 4 ] DEBUG FXGLAssetLoaderServi - Loading from file system: jar:file:///C:/Users/naith/.m2/repository/com/github/almasb/fxgl/21.1/fxgl-21.1.jar!/fxglassets/ui/fonts/Abel-Regular.ttf
00:25:19.782 [FXGL Background Thread 4 ] DEBUG FXGLAssetLoaderServi - Loading from file system: jar:file:///C:/Users/naith/.m2/repository/com/github/almasb/fxgl/21.1/fxgl-21.1.jar!/fxglassets/ui/fonts/TerminalLandMono-Regular.otf
00:25:19.784 [FXGL Background Thread 4 ] DEBUG FXGLAssetLoaderServi - Loading from file system: jar:file:///C:/Users/naith/.m2/repository/com/github/almasb/fxgl/21.1/fxgl-21.1.jar!/fxglassets/ui/fonts/Courier-Prime.ttf
00:25:19.796 [JavaFX Application Thread] DEBUG FXGLAssetLoaderServi - Loading from file system: jar:file:///C:/Users/naith/.m2/repository/com/github/almasb/fxgl/21.1/fxgl-21.1.jar!/fxglassets/textures/fxgl_default_cursor.png
00:25:19.808 [JavaFX Application Thread] DEBUG Input                - Registered new binding: Screenshot - CTRL+8
00:25:19.808 [JavaFX Application Thread] DEBUG Input                - Registered new binding: System info dump - CTRL+9
00:25:19.809 [JavaFX Application Thread] DEBUG Input                - Registered new binding: Restart - CTRL+R
00:25:19.809 [JavaFX Application Thread] DEBUG Input                - Registered new binding: Toggle Debug Camera - CTRL+7
00:25:19.810 [JavaFX Application Thread] DEBUG LoopRunner           - Starting loop
00:25:19.810 [JavaFX Application Thread] DEBUG LoopRunner           - Initializing JavaFX AnimationTimerLoop
00:25:19.811 [JavaFX Application Thread] DEBUG GameApplicationServi - Starting new game
00:25:19.813 [JavaFX Application Thread] DEBUG Input                - Clearing active input actions
00:25:19.823 [JavaFX Application Thread] DEBUG GameApplicationServi - Removing overlay from FXGLStartupScene and adding to FXGLLoadingScene
00:25:19.824 [JavaFX Application Thread] DEBUG PrimaryStageWindow   - FXGLStartupScene -> FXGLLoadingScene
00:25:19.824 [JavaFX Application Thread] DEBUG GameApplicationServi - Clearing previous game
00:25:19.824 [JavaFX Application Thread] DEBUG GameScene            - Clearing game scene
00:25:19.824 [JavaFX Application Thread] DEBUG GameWorld            - Clearing game world
00:25:19.824 [JavaFX Application Thread] DEBUG PhysicsWorld         - Clearing physics world
00:25:19.826 [FXGL Background Thread 4 ] DEBUG FXGLApplication      - Initializing game
00:25:19.826 [JavaFX Application Thread] DEBUG FXGLApplication      - Registering font factories with UI factory
00:25:19.846 [FXGL Background Thread 4 ] INFO  FXGLApplication      - Game initialization took: 0.020 sec
00:25:19.895 [JavaFX Application Thread] DEBUG Input                - Clearing active input actions
00:25:19.901 [JavaFX Application Thread] DEBUG GameApplicationServi - Removing overlay from FXGLLoadingScene and adding to GameScene
00:25:19.903 [JavaFX Application Thread] DEBUG PrimaryStageWindow   - FXGLLoadingScene -> GameScene
00:25:20.260 [FXGL Background Thread 2 ] INFO  UpdaterService       - Your current version:  21.1
00:25:20.261 [FXGL Background Thread 2 ] INFO  UpdaterService       - Latest stable version: 25
00:25:22.751 [FXGL Background Thread 3 ] DEBUG Engine               - Logging environment variables
00:25:22.751 [FXGL Background Thread 3 ] DEBUG Engine               - achievements: []
00:25:22.751 [FXGL Background Thread 3 ] DEBUG Engine               - actualHeight: 864.0
00:25:22.752 [FXGL Background Thread 3 ] DEBUG Engine               - actualHeightProperty: ReadOnlyDoubleProperty [value: 864.0]
00:25:22.752 [FXGL Background Thread 3 ] DEBUG Engine               - actualWidth: 1319.0
00:25:22.752 [FXGL Background Thread 3 ] DEBUG Engine               - actualWidthProperty: ReadOnlyDoubleProperty [value: 1319.0]
00:25:22.752 [FXGL Background Thread 3 ] DEBUG Engine               - appIcon: fxgl_icon.png
00:25:22.752 [FXGL Background Thread 3 ] DEBUG Engine               - applicationMode: DEVELOPER
00:25:22.752 [FXGL Background Thread 3 ] DEBUG Engine               - cSSList: [fxgl_dark.css]
00:25:22.752 [FXGL Background Thread 3 ] DEBUG Engine               - collisionDetectionStrategy: BRUTE_FORCE
00:25:22.752 [FXGL Background Thread 3 ] DEBUG Engine               - configClass: Optional.empty
00:25:22.752 [FXGL Background Thread 3 ] DEBUG Engine               - credits: []
00:25:22.752 [FXGL Background Thread 3 ] DEBUG Engine               - defaultCursor: CursorInfo(imageName=fxgl_default_cursor.png, hotspotX=7.0, hotspotY=6.0)
00:25:22.752 [FXGL Background Thread 3 ] DEBUG Engine               - devBBoxColorProperty: ObjectProperty [value: 0xff0000ff]
00:25:22.752 [FXGL Background Thread 3 ] DEBUG Engine               - devEnableDebugCameraProperty: BooleanProperty [value: false]
00:25:22.752 [FXGL Background Thread 3 ] DEBUG Engine               - devSensorColorProperty: ObjectProperty [value: 0xffff00ff]
00:25:22.752 [FXGL Background Thread 3 ] DEBUG Engine               - devShowBBoxProperty: BooleanProperty [value: false]
00:25:22.752 [FXGL Background Thread 3 ] DEBUG Engine               - devShowPositionProperty: BooleanProperty [value: false]
00:25:22.752 [FXGL Background Thread 3 ] DEBUG Engine               - enabledMenuItems: []
00:25:22.752 [FXGL Background Thread 3 ] DEBUG Engine               - engineServices: [class com.almasb.fxgl.app.services.FXGLAssetLoaderService, class com.almasb.fxgl.app.FXGLApplication$GameApplicationService, class com.almasb.fxgl.app.services.FXGLDialogService, class com.almasb.fxgl.app.services.IOTaskExecutorService, class com.almasb.fxgl.io.FileSystemService, class com.almasb.fxgl.localization.LocalizationService, class com.almasb.fxgl.app.services.SystemBundleService, class com.almasb.fxgl.profile.SaveLoadService, class com.almasb.fxgl.ui.FXGLUIFactoryServiceProvider, class com.almasb.fxgl.ui.FXGLDialogFactoryServiceProvider, class com.almasb.fxgl.audio.AudioPlayer, class com.almasb.fxgl.notification.impl.NotificationServiceProvider, class com.almasb.fxgl.achievement.AchievementService, class com.almasb.fxgl.cutscene.CutsceneService, class com.almasb.fxgl.minigames.MiniGameService, class com.almasb.fxgl.net.NetService, class com.almasb.fxgl.app.services.UpdaterService, class com.almasb.fxgl.dev.DevService, class com.almasb.fxgl.dev.profiling.ProfilerService]
00:25:22.752 [FXGL Background Thread 3 ] DEBUG Engine               - fontGame: Abel-Regular.ttf
00:25:22.752 [FXGL Background Thread 3 ] DEBUG Engine               - fontMono: TerminalLandMono-Regular.otf
00:25:22.753 [FXGL Background Thread 3 ] DEBUG Engine               - fontSizeScaleUI: 1.0
00:25:22.753 [FXGL Background Thread 3 ] DEBUG Engine               - fontText: Courier-Prime.ttf
00:25:22.753 [FXGL Background Thread 3 ] DEBUG Engine               - fontUI: VarelaRound-Regular.ttf
00:25:22.753 [FXGL Background Thread 3 ] DEBUG Engine               - fullScreen: BooleanProperty [value: false]
00:25:22.753 [FXGL Background Thread 3 ] DEBUG Engine               - gameDifficulty: MEDIUM
00:25:22.753 [FXGL Background Thread 3 ] DEBUG Engine               - gameDifficultyProperty: ObjectProperty [value: MEDIUM]
00:25:22.753 [FXGL Background Thread 3 ] DEBUG Engine               - globalMusicVolume: 0.5
00:25:22.753 [FXGL Background Thread 3 ] DEBUG Engine               - globalMusicVolumeProperty: DoubleProperty [value: 0.5]
00:25:22.753 [FXGL Background Thread 3 ] DEBUG Engine               - globalSoundVolume: 0.5
00:25:22.753 [FXGL Background Thread 3 ] DEBUG Engine               - globalSoundVolumeProperty: DoubleProperty [value: 0.5]
00:25:22.753 [FXGL Background Thread 3 ] DEBUG Engine               - height: 900
00:25:22.753 [FXGL Background Thread 3 ] DEBUG Engine               - is3D: false
00:25:22.753 [FXGL Background Thread 3 ] DEBUG Engine               - isAndroid: false
00:25:22.753 [FXGL Background Thread 3 ] DEBUG Engine               - isBrowser: false
00:25:22.753 [FXGL Background Thread 3 ] DEBUG Engine               - isClickFeedbackEnabled: false
00:25:22.753 [FXGL Background Thread 3 ] DEBUG Engine               - isCloseConfirmation: false
00:25:22.753 [FXGL Background Thread 3 ] DEBUG Engine               - isDesktop: true
00:25:22.753 [FXGL Background Thread 3 ] DEBUG Engine               - isDeveloperMenuEnabled: false
00:25:22.753 [FXGL Background Thread 3 ] DEBUG Engine               - isEmbedded: false
00:25:22.753 [FXGL Background Thread 3 ] DEBUG Engine               - isEntityPreloadEnabled: true
00:25:22.753 [FXGL Background Thread 3 ] DEBUG Engine               - isExperimentalTiledLargeMap: false
00:25:22.753 [FXGL Background Thread 3 ] DEBUG Engine               - isFileSystemWriteAllowed: true
00:25:22.753 [FXGL Background Thread 3 ] DEBUG Engine               - isFullScreenAllowed: false
00:25:22.753 [FXGL Background Thread 3 ] DEBUG Engine               - isFullScreenFromStart: false
00:25:22.753 [FXGL Background Thread 3 ] DEBUG Engine               - isGameMenuEnabled: true
00:25:22.753 [FXGL Background Thread 3 ] DEBUG Engine               - isIOS: false
00:25:22.754 [FXGL Background Thread 3 ] DEBUG Engine               - isIntroEnabled: false
00:25:22.754 [FXGL Background Thread 3 ] DEBUG Engine               - isLinux: false
00:25:22.754 [FXGL Background Thread 3 ] DEBUG Engine               - isMac: false
00:25:22.754 [FXGL Background Thread 3 ] DEBUG Engine               - isMainMenuEnabled: false
00:25:22.754 [FXGL Background Thread 3 ] DEBUG Engine               - isManualResizeEnabled: false
00:25:22.754 [FXGL Background Thread 3 ] DEBUG Engine               - isMobile: false
00:25:22.754 [FXGL Background Thread 3 ] DEBUG Engine               - isNative: false
00:25:22.754 [FXGL Background Thread 3 ] DEBUG Engine               - isPauseMusicWhenMinimized: true
00:25:22.754 [FXGL Background Thread 3 ] DEBUG Engine               - isPreserveResizeRatio: false
00:25:22.754 [FXGL Background Thread 3 ] DEBUG Engine               - isProfilingEnabled: true
00:25:22.754 [FXGL Background Thread 3 ] DEBUG Engine               - isScaleAffectedOnResize: true
00:25:22.754 [FXGL Background Thread 3 ] DEBUG Engine               - isSingleStep: false
00:25:22.754 [FXGL Background Thread 3 ] DEBUG Engine               - isUserProfileEnabled: false
00:25:22.754 [FXGL Background Thread 3 ] DEBUG Engine               - isWindows: true
00:25:22.754 [FXGL Background Thread 3 ] DEBUG Engine               - language: ObjectProperty [value: ENGLISH]
00:25:22.754 [FXGL Background Thread 3 ] DEBUG Engine               - menuKey: ESCAPE
00:25:22.754 [FXGL Background Thread 3 ] DEBUG Engine               - mouseSensitivity: 0.2
00:25:22.754 [FXGL Background Thread 3 ] DEBUG Engine               - notificationViewClass: class com.almasb.fxgl.notification.view.XboxNotificationView
00:25:22.754 [FXGL Background Thread 3 ] DEBUG Engine               - pixelsPerMeter: 50.0
00:25:22.754 [FXGL Background Thread 3 ] DEBUG Engine               - platform: WINDOWS
00:25:22.754 [FXGL Background Thread 3 ] DEBUG Engine               - prefHeightProperty: ReadOnlyDoubleProperty [value: 900.0]
00:25:22.754 [FXGL Background Thread 3 ] DEBUG Engine               - prefWidthProperty: ReadOnlyDoubleProperty [value: 1400.0]
00:25:22.754 [FXGL Background Thread 3 ] DEBUG Engine               - profileDir: profiles/
00:25:22.754 [FXGL Background Thread 3 ] DEBUG Engine               - profileName: StringProperty [value: DEFAULT]
00:25:22.755 [FXGL Background Thread 3 ] DEBUG Engine               - randomSeed: -1
00:25:22.755 [FXGL Background Thread 3 ] DEBUG Engine               - runtimeInfo: RuntimeInfo(platform=WINDOWS, version=21.1, build=27.03.2024 07.52)
00:25:22.755 [FXGL Background Thread 3 ] DEBUG Engine               - saveFileExt: sav
00:25:22.755 [FXGL Background Thread 3 ] DEBUG Engine               - scaledHeightProp$fxgl: DoubleProperty [bound, value: 864.0]
00:25:22.755 [FXGL Background Thread 3 ] DEBUG Engine               - scaledWidthProp$fxgl: DoubleProperty [bound, value: 1319.0]
00:25:22.755 [FXGL Background Thread 3 ] DEBUG Engine               - sceneFactory: com.almasb.fxgl.app.scene.SceneFactory@f5b11c1
00:25:22.755 [FXGL Background Thread 3 ] DEBUG Engine               - secondsIn24h: 60
00:25:22.755 [FXGL Background Thread 3 ] DEBUG Engine               - soundMenuBack: menu/back.wav
00:25:22.755 [FXGL Background Thread 3 ] DEBUG Engine               - soundMenuPress: menu/press.wav
00:25:22.755 [FXGL Background Thread 3 ] DEBUG Engine               - soundMenuSelect: menu/select.wav
00:25:22.755 [FXGL Background Thread 3 ] DEBUG Engine               - soundNotification: core/notification.wav
00:25:22.755 [FXGL Background Thread 3 ] DEBUG Engine               - stageStyle: DECORATED
00:25:22.755 [FXGL Background Thread 3 ] DEBUG Engine               - supportedLanguages: [ENGLISH, FRENCH, GERMAN, HUNGARIAN, RUSSIAN]
00:25:22.755 [FXGL Background Thread 3 ] DEBUG Engine               - ticksPerSecond: -1
00:25:22.755 [FXGL Background Thread 3 ] DEBUG Engine               - title: RealPhysics
00:25:22.755 [FXGL Background Thread 3 ] DEBUG Engine               - urlGithub: https://github.com/AlmasB/FXGL
00:25:22.755 [FXGL Background Thread 3 ] DEBUG Engine               - urlLeaderboard: http://fxgl-top.herokuapp.com/
00:25:22.755 [FXGL Background Thread 3 ] DEBUG Engine               - urlPOM: https://raw.githubusercontent.com/AlmasB/FXGL/release/README.md
00:25:22.755 [FXGL Background Thread 3 ] DEBUG Engine               - userAppClass: class com.example.realphysics.App
00:25:22.755 [FXGL Background Thread 3 ] DEBUG Engine               - version: 0.0
00:25:22.755 [FXGL Background Thread 3 ] DEBUG Engine               - versionCheckDays: 7
00:25:22.755 [FXGL Background Thread 3 ] DEBUG Engine               - width: 1400
00:25:22.755 [FXGL Background Thread 3 ] DEBUG Engine               - Logging services
00:25:22.756 [FXGL Background Thread 3 ] DEBUG Engine               - class com.almasb.fxgl.app.services.FXGLAssetLoaderService
00:25:22.756 [FXGL Background Thread 3 ] DEBUG Engine               - class com.almasb.fxgl.app.FXGLApplication$GameApplicationService
00:25:22.756 [FXGL Background Thread 3 ] DEBUG Engine               - class com.almasb.fxgl.app.services.FXGLDialogService
00:25:22.756 [FXGL Background Thread 3 ] DEBUG Engine               - class com.almasb.fxgl.app.services.IOTaskExecutorService
00:25:22.756 [FXGL Background Thread 3 ] DEBUG Engine               - class com.almasb.fxgl.io.FileSystemService
00:25:22.756 [FXGL Background Thread 3 ] DEBUG Engine               - class com.almasb.fxgl.localization.LocalizationService
00:25:22.756 [FXGL Background Thread 3 ] DEBUG Engine               - class com.almasb.fxgl.app.services.SystemBundleService
00:25:22.756 [FXGL Background Thread 3 ] DEBUG Engine               - class com.almasb.fxgl.profile.SaveLoadService
00:25:22.756 [FXGL Background Thread 3 ] DEBUG Engine               - class com.almasb.fxgl.ui.FXGLUIFactoryServiceProvider
00:25:22.756 [FXGL Background Thread 3 ] DEBUG Engine               - class com.almasb.fxgl.ui.FXGLDialogFactoryServiceProvider
00:25:22.756 [FXGL Background Thread 3 ] DEBUG Engine               - class com.almasb.fxgl.audio.AudioPlayer
00:25:22.756 [FXGL Background Thread 3 ] DEBUG Engine               - class com.almasb.fxgl.notification.impl.NotificationServiceProvider
00:25:22.756 [FXGL Background Thread 3 ] DEBUG Engine               - class com.almasb.fxgl.achievement.AchievementService
00:25:22.756 [FXGL Background Thread 3 ] DEBUG Engine               - class com.almasb.fxgl.cutscene.CutsceneService
00:25:22.756 [FXGL Background Thread 3 ] DEBUG Engine               - class com.almasb.fxgl.minigames.MiniGameService
00:25:22.756 [FXGL Background Thread 3 ] DEBUG Engine               - class com.almasb.fxgl.net.NetService
00:25:22.756 [FXGL Background Thread 3 ] DEBUG Engine               - class com.almasb.fxgl.app.services.UpdaterService
00:25:22.756 [FXGL Background Thread 3 ] DEBUG Engine               - class com.almasb.fxgl.dev.DevService
00:25:22.756 [FXGL Background Thread 3 ] DEBUG Engine               - class com.almasb.fxgl.dev.profiling.ProfilerService
00:27:15.911 [JavaFX Application Thread] DEBUG FXGLApplication      - Exiting FXGL
00:27:15.911 [JavaFX Application Thread] DEBUG LoopRunner           - Stopping loop
00:27:15.911 [JavaFX Application Thread] DEBUG SystemBundleService  - Saving FXGL system data
00:27:15.914 [JavaFX Application Thread] DEBUG FileSystemAccess     - Writing to: C:\Physics engin\RealPhysics\system\fxgl.bundle
00:27:15.917 [JavaFX Application Thread] INFO  ProfilerWindow       - Profiler (FPS) - 16604 frames
00:27:15.917 [JavaFX Application Thread] INFO  ProfilerWindow       - Average: 142.18730426403278
00:27:15.918 [JavaFX Application Thread] INFO  ProfilerWindow       - Minimum: 60.0
00:27:15.918 [JavaFX Application Thread] INFO  ProfilerWindow       - Maximum: 145.0
00:27:15.918 [JavaFX Application Thread] INFO  ProfilerWindow       - Profiler (CPU (ms)) - 16604 frames
00:27:15.918 [JavaFX Application Thread] INFO  ProfilerWindow       - Average: 0.1855460250542033
00:27:15.918 [JavaFX Application Thread] INFO  ProfilerWindow       - Minimum: 0.0
00:27:15.918 [JavaFX Application Thread] INFO  ProfilerWindow       - Maximum: 11.7357
00:27:15.918 [JavaFX Application Thread] INFO  ProfilerWindow       - Profiler (RAM (MB)) - 16604 frames
00:27:15.918 [JavaFX Application Thread] INFO  ProfilerWindow       - Average: 30.567293973521593
00:27:15.918 [JavaFX Application Thread] INFO  ProfilerWindow       - Minimum: 14.476280212402344
00:27:15.918 [JavaFX Application Thread] INFO  ProfilerWindow       - Maximum: 48.94733428955078
00:27:15.918 [JavaFX Application Thread] INFO  ProfilerService      - Estimated GC runs: 37
00:27:15.918 [JavaFX Application Thread] DEBUG Async                - Shutting down background threads
00:27:15.918 [JavaFX Application Thread] DEBUG PrimaryStageWindow   - Closing main window
00:27:15.930 [JavaFX Application Thread] DEBUG Logger               - Closing Logger
