22:43:49.117 [main                     ] DEBUG Logger               - Configured Logger
22:43:49.140 [main                     ] DEBUG GameApplication      - Logging settings
Title: RealPhysics
Version: 0.0
Width: 1400
Height: 900
Fullscreen: false
Intro: false
Profiling: true
Single step:false
App Mode: DEVELOPER
Menu Key: ESCAPE
Stage Style: DECORATED
Scene Factory: class com.almasb.fxgl.app.scene.SceneFactory

22:43:49.465 [JavaFX Application Thread] DEBUG FXGLApplication      - Initializing FXGL
22:43:49.467 [JavaFX Application Thread] INFO  Engine               - FXGL-21.1 (27.03.2024 07.52) on WINDOWS (J:21.0.11 FX:21.0.6)
22:43:49.467 [JavaFX Application Thread] DEBUG Engine               - JRE Vendor Name: Eclipse Adoptium
22:43:49.468 [JavaFX Application Thread] DEBUG Engine               - Running on OS: Windows 11 version 10.0
22:43:49.468 [JavaFX Application Thread] DEBUG Engine               - Architecture: amd64
22:43:49.468 [JavaFX Application Thread] INFO  Engine               - Source code and latest versions at: https://github.com/AlmasB/FXGL
22:43:49.468 [JavaFX Application Thread] INFO  Engine               -       Ask questions and discuss at: https://github.com/AlmasB/FXGL/discussions
22:43:49.468 [JavaFX Application Thread] INFO  Engine               -              Join the FXGL chat at: https://gitter.im/AlmasB/FXGL
22:43:49.532 [JavaFX Application Thread] DEBUG PrimaryStageWindow   - Creating a JavaFX scene
22:43:49.532 [JavaFX Application Thread] DEBUG PrimaryStageWindow   - Target size > screen size
22:43:49.570 [JavaFX Application Thread] DEBUG PrimaryStageWindow   - Target settings size: 1400.0 x 900.0
22:43:49.571 [JavaFX Application Thread] DEBUG PrimaryStageWindow   - Scaled scene size:    1319.0 x 864.0
22:43:49.571 [JavaFX Application Thread] DEBUG PrimaryStageWindow   - Scaled ratio: (0.9421428571428572, 0.96)
22:43:49.572 [JavaFX Application Thread] DEBUG PrimaryStageWindow   - Set initial scene to FXGLStartupScene
22:43:49.574 [JavaFX Application Thread] DEBUG PrimaryStageWindow   - Opening main window
22:43:49.661 [JavaFX Application Thread] DEBUG PrimaryStageWindow   - Window border size: (14.5999755859375, 37.5999755859375)
22:43:49.661 [JavaFX Application Thread] DEBUG PrimaryStageWindow   - Scaled size: 1319.0 x 864.0
22:43:49.661 [JavaFX Application Thread] DEBUG PrimaryStageWindow   - Scaled ratio: (0.9421428571428572, 0.96)
22:43:49.661 [JavaFX Application Thread] DEBUG PrimaryStageWindow   - Scene size: 1319.0 x 864.0
22:43:49.662 [JavaFX Application Thread] DEBUG PrimaryStageWindow   - Stage size: 1333.5999755859375 x 901.5999755859375
22:43:49.670 [FXGL Background Thread 1 ] DEBUG Engine               - Initializing environment variables
22:43:49.722 [FXGL Background Thread 1 ] DEBUG FXGLAssetLoaderServi - User app class for loading assets: class com.example.realphysics.App
22:43:49.722 [FXGL Background Thread 1 ] DEBUG GameApplicationServi - Applying CSS: fxgl_dark.css
22:43:49.723 [FXGL Background Thread 1 ] DEBUG FXGLAssetLoaderServi - Loading from file system: jar:file:///C:/Users/naith/.m2/repository/com/github/almasb/fxgl/21.1/fxgl-21.1.jar!/fxglassets/ui/css/fxgl_dark.css
22:43:49.761 [FXGL Background Thread 1 ] DEBUG GameApplicationServi - Initializing application scenes
22:43:49.804 [FXGL Background Thread 1 ] DEBUG GameWorld            - Game world initialized
22:43:49.856 [FXGL Background Thread 1 ] DEBUG PhysicsWorld         - Physics world initialized: appHeight=900, physics.ppm=50.0
22:43:49.857 [FXGL Background Thread 1 ] DEBUG PhysicsWorld         - Using strategy: BRUTE_FORCE
22:43:49.859 [FXGL Background Thread 1 ] DEBUG GameScene            - Game scene initialized: 1400x900
22:43:49.866 [FXGL Background Thread 1 ] DEBUG FXGL.DefaultMenu     - createMenuBodyGameMenu()
22:43:49.875 [FXGL Background Thread 1 ] DEBUG FXGL.DefaultMenu     - createOptionsMenu()
22:43:49.883 [FXGL Background Thread 1 ] DEBUG FXGLAssetLoaderServi - Loading from file system: jar:file:///C:/Users/naith/.m2/repository/com/github/almasb/fxgl/21.1/fxgl-21.1.jar!/fxglassets/textures/particles/smoke.png
22:43:49.964 [FXGL Background Thread 1 ] DEBUG FXGLAssetLoaderServi - Loading from file system: jar:file:///C:/Users/naith/.m2/repository/com/github/almasb/fxgl/21.1/fxgl-21.1.jar!/fxglassets/textures/particles/trace_horizontal.png
22:43:49.987 [FXGL Background Thread 1 ] DEBUG GameApplicationServi - Application scenes initialized
22:43:49.998 [FXGL Background Thread 1 ] DEBUG SystemBundleService  - Loading FXGL system data
22:43:50.001 [FXGL Background Thread 1 ] DEBUG FileSystemAccess     - Reading from: C:\Physics engin\RealPhysics\system\fxgl.bundle
22:43:50.007 [FXGL Background Thread 1 ] DEBUG SystemBundleService  - Bundle FXGL: {}
22:43:50.007 [FXGL Background Thread 1 ] DEBUG UpdaterService       - Checking for updates
22:43:50.016 [FXGL Background Thread 4 ] DEBUG FXGLApplication      - Loading fonts
22:43:50.016 [FXGL Background Thread 4 ] DEBUG FXGLAssetLoaderServi - Loading from file system: jar:file:///C:/Users/naith/.m2/repository/com/github/almasb/fxgl/21.1/fxgl-21.1.jar!/fxglassets/ui/fonts/VarelaRound-Regular.ttf
22:43:50.017 [FXGL Background Thread 1 ] DEBUG FXGLApplication      - Loading default localization
22:43:50.017 [FXGL Background Thread 1 ] DEBUG FXGLAssetLoaderServi - Loading from file system: jar:file:///C:/Users/naith/.m2/repository/com/github/almasb/fxgl/21.1/fxgl-21.1.jar!/fxglassets/languages/english.lang
22:43:50.047 [FXGL Background Thread 1 ] INFO  FXGLApplication      - FXGL initialization took: 0.378 sec
22:43:50.047 [FXGL Background Thread 4 ] DEBUG FXGLAssetLoaderServi - Loading from file system: jar:file:///C:/Users/naith/.m2/repository/com/github/almasb/fxgl/21.1/fxgl-21.1.jar!/fxglassets/ui/fonts/Abel-Regular.ttf
22:43:50.048 [JavaFX Application Thread] DEBUG FXGLAssetLoaderServi - Loading from file system: jar:file:///C:/Users/naith/.m2/repository/com/github/almasb/fxgl/21.1/fxgl-21.1.jar!/fxglassets/textures/fxgl_icon.png
22:43:50.050 [FXGL Background Thread 4 ] DEBUG FXGLAssetLoaderServi - Loading from file system: jar:file:///C:/Users/naith/.m2/repository/com/github/almasb/fxgl/21.1/fxgl-21.1.jar!/fxglassets/ui/fonts/TerminalLandMono-Regular.otf
22:43:50.053 [FXGL Background Thread 4 ] DEBUG FXGLAssetLoaderServi - Loading from file system: jar:file:///C:/Users/naith/.m2/repository/com/github/almasb/fxgl/21.1/fxgl-21.1.jar!/fxglassets/ui/fonts/Courier-Prime.ttf
22:43:50.066 [JavaFX Application Thread] DEBUG FXGLAssetLoaderServi - Loading from file system: jar:file:///C:/Users/naith/.m2/repository/com/github/almasb/fxgl/21.1/fxgl-21.1.jar!/fxglassets/textures/fxgl_default_cursor.png
22:43:50.074 [JavaFX Application Thread] DEBUG Input                - Registered new binding: Screenshot - CTRL+8
22:43:50.075 [JavaFX Application Thread] DEBUG Input                - Registered new binding: System info dump - CTRL+9
22:43:50.076 [JavaFX Application Thread] DEBUG Input                - Registered new binding: Restart - CTRL+R
22:43:50.076 [JavaFX Application Thread] DEBUG Input                - Registered new binding: Toggle Debug Camera - CTRL+7
22:43:50.078 [JavaFX Application Thread] DEBUG LoopRunner           - Starting loop
22:43:50.078 [JavaFX Application Thread] DEBUG LoopRunner           - Initializing JavaFX AnimationTimerLoop
22:43:50.080 [JavaFX Application Thread] DEBUG GameApplicationServi - Starting new game
22:43:50.080 [JavaFX Application Thread] DEBUG Input                - Clearing active input actions
22:43:50.092 [JavaFX Application Thread] DEBUG GameApplicationServi - Removing overlay from FXGLStartupScene and adding to FXGLLoadingScene
22:43:50.092 [JavaFX Application Thread] DEBUG PrimaryStageWindow   - FXGLStartupScene -> FXGLLoadingScene
22:43:50.092 [JavaFX Application Thread] DEBUG GameApplicationServi - Clearing previous game
22:43:50.092 [JavaFX Application Thread] DEBUG GameScene            - Clearing game scene
22:43:50.092 [JavaFX Application Thread] DEBUG GameWorld            - Clearing game world
22:43:50.092 [JavaFX Application Thread] DEBUG PhysicsWorld         - Clearing physics world
22:43:50.095 [FXGL Background Thread 4 ] DEBUG FXGLApplication      - Initializing game
22:43:50.099 [JavaFX Application Thread] DEBUG FXGLApplication      - Registering font factories with UI factory
22:43:50.115 [FXGL Background Thread 4 ] INFO  FXGLApplication      - Game initialization took: 0.021 sec
22:43:50.179 [JavaFX Application Thread] DEBUG Input                - Clearing active input actions
22:43:50.186 [JavaFX Application Thread] DEBUG GameApplicationServi - Removing overlay from FXGLLoadingScene and adding to GameScene
22:43:50.187 [JavaFX Application Thread] DEBUG PrimaryStageWindow   - FXGLLoadingScene -> GameScene
22:43:51.624 [FXGL Background Thread 2 ] INFO  UpdaterService       - Your current version:  21.1
22:43:51.624 [FXGL Background Thread 2 ] INFO  UpdaterService       - Latest stable version: 25
22:43:53.016 [FXGL Background Thread 3 ] DEBUG Engine               - Logging environment variables
22:43:53.016 [FXGL Background Thread 3 ] DEBUG Engine               - achievements: []
22:43:53.016 [FXGL Background Thread 3 ] DEBUG Engine               - actualHeight: 864.0
22:43:53.017 [FXGL Background Thread 3 ] DEBUG Engine               - actualHeightProperty: ReadOnlyDoubleProperty [value: 864.0]
22:43:53.017 [FXGL Background Thread 3 ] DEBUG Engine               - actualWidth: 1319.0
22:43:53.017 [FXGL Background Thread 3 ] DEBUG Engine               - actualWidthProperty: ReadOnlyDoubleProperty [value: 1319.0]
22:43:53.017 [FXGL Background Thread 3 ] DEBUG Engine               - appIcon: fxgl_icon.png
22:43:53.017 [FXGL Background Thread 3 ] DEBUG Engine               - applicationMode: DEVELOPER
22:43:53.017 [FXGL Background Thread 3 ] DEBUG Engine               - cSSList: [fxgl_dark.css]
22:43:53.017 [FXGL Background Thread 3 ] DEBUG Engine               - collisionDetectionStrategy: BRUTE_FORCE
22:43:53.017 [FXGL Background Thread 3 ] DEBUG Engine               - configClass: Optional.empty
22:43:53.017 [FXGL Background Thread 3 ] DEBUG Engine               - credits: []
22:43:53.017 [FXGL Background Thread 3 ] DEBUG Engine               - defaultCursor: CursorInfo(imageName=fxgl_default_cursor.png, hotspotX=7.0, hotspotY=6.0)
22:43:53.017 [FXGL Background Thread 3 ] DEBUG Engine               - devBBoxColorProperty: ObjectProperty [value: 0xff0000ff]
22:43:53.017 [FXGL Background Thread 3 ] DEBUG Engine               - devEnableDebugCameraProperty: BooleanProperty [value: false]
22:43:53.017 [FXGL Background Thread 3 ] DEBUG Engine               - devSensorColorProperty: ObjectProperty [value: 0xffff00ff]
22:43:53.017 [FXGL Background Thread 3 ] DEBUG Engine               - devShowBBoxProperty: BooleanProperty [value: false]
22:43:53.017 [FXGL Background Thread 3 ] DEBUG Engine               - devShowPositionProperty: BooleanProperty [value: false]
22:43:53.017 [FXGL Background Thread 3 ] DEBUG Engine               - enabledMenuItems: []
22:43:53.017 [FXGL Background Thread 3 ] DEBUG Engine               - engineServices: [class com.almasb.fxgl.app.services.FXGLAssetLoaderService, class com.almasb.fxgl.app.FXGLApplication$GameApplicationService, class com.almasb.fxgl.app.services.FXGLDialogService, class com.almasb.fxgl.app.services.IOTaskExecutorService, class com.almasb.fxgl.io.FileSystemService, class com.almasb.fxgl.localization.LocalizationService, class com.almasb.fxgl.app.services.SystemBundleService, class com.almasb.fxgl.profile.SaveLoadService, class com.almasb.fxgl.ui.FXGLUIFactoryServiceProvider, class com.almasb.fxgl.ui.FXGLDialogFactoryServiceProvider, class com.almasb.fxgl.audio.AudioPlayer, class com.almasb.fxgl.notification.impl.NotificationServiceProvider, class com.almasb.fxgl.achievement.AchievementService, class com.almasb.fxgl.cutscene.CutsceneService, class com.almasb.fxgl.minigames.MiniGameService, class com.almasb.fxgl.net.NetService, class com.almasb.fxgl.app.services.UpdaterService, class com.almasb.fxgl.dev.DevService, class com.almasb.fxgl.dev.profiling.ProfilerService]
22:43:53.017 [FXGL Background Thread 3 ] DEBUG Engine               - fontGame: Abel-Regular.ttf
22:43:53.017 [FXGL Background Thread 3 ] DEBUG Engine               - fontMono: TerminalLandMono-Regular.otf
22:43:53.017 [FXGL Background Thread 3 ] DEBUG Engine               - fontSizeScaleUI: 1.0
22:43:53.017 [FXGL Background Thread 3 ] DEBUG Engine               - fontText: Courier-Prime.ttf
22:43:53.017 [FXGL Background Thread 3 ] DEBUG Engine               - fontUI: VarelaRound-Regular.ttf
22:43:53.017 [FXGL Background Thread 3 ] DEBUG Engine               - fullScreen: BooleanProperty [value: false]
22:43:53.017 [FXGL Background Thread 3 ] DEBUG Engine               - gameDifficulty: MEDIUM
22:43:53.017 [FXGL Background Thread 3 ] DEBUG Engine               - gameDifficultyProperty: ObjectProperty [value: MEDIUM]
22:43:53.017 [FXGL Background Thread 3 ] DEBUG Engine               - globalMusicVolume: 0.5
22:43:53.017 [FXGL Background Thread 3 ] DEBUG Engine               - globalMusicVolumeProperty: DoubleProperty [value: 0.5]
22:43:53.017 [FXGL Background Thread 3 ] DEBUG Engine               - globalSoundVolume: 0.5
22:43:53.017 [FXGL Background Thread 3 ] DEBUG Engine               - globalSoundVolumeProperty: DoubleProperty [value: 0.5]
22:43:53.017 [FXGL Background Thread 3 ] DEBUG Engine               - height: 900
22:43:53.017 [FXGL Background Thread 3 ] DEBUG Engine               - is3D: false
22:43:53.017 [FXGL Background Thread 3 ] DEBUG Engine               - isAndroid: false
22:43:53.017 [FXGL Background Thread 3 ] DEBUG Engine               - isBrowser: false
22:43:53.017 [FXGL Background Thread 3 ] DEBUG Engine               - isClickFeedbackEnabled: false
22:43:53.018 [FXGL Background Thread 3 ] DEBUG Engine               - isCloseConfirmation: false
22:43:53.018 [FXGL Background Thread 3 ] DEBUG Engine               - isDesktop: true
22:43:53.018 [FXGL Background Thread 3 ] DEBUG Engine               - isDeveloperMenuEnabled: false
22:43:53.018 [FXGL Background Thread 3 ] DEBUG Engine               - isEmbedded: false
22:43:53.018 [FXGL Background Thread 3 ] DEBUG Engine               - isEntityPreloadEnabled: true
22:43:53.018 [FXGL Background Thread 3 ] DEBUG Engine               - isExperimentalTiledLargeMap: false
22:43:53.018 [FXGL Background Thread 3 ] DEBUG Engine               - isFileSystemWriteAllowed: true
22:43:53.018 [FXGL Background Thread 3 ] DEBUG Engine               - isFullScreenAllowed: false
22:43:53.018 [FXGL Background Thread 3 ] DEBUG Engine               - isFullScreenFromStart: false
22:43:53.018 [FXGL Background Thread 3 ] DEBUG Engine               - isGameMenuEnabled: true
22:43:53.018 [FXGL Background Thread 3 ] DEBUG Engine               - isIOS: false
22:43:53.018 [FXGL Background Thread 3 ] DEBUG Engine               - isIntroEnabled: false
22:43:53.018 [FXGL Background Thread 3 ] DEBUG Engine               - isLinux: false
22:43:53.018 [FXGL Background Thread 3 ] DEBUG Engine               - isMac: false
22:43:53.018 [FXGL Background Thread 3 ] DEBUG Engine               - isMainMenuEnabled: false
22:43:53.018 [FXGL Background Thread 3 ] DEBUG Engine               - isManualResizeEnabled: false
22:43:53.018 [FXGL Background Thread 3 ] DEBUG Engine               - isMobile: false
22:43:53.018 [FXGL Background Thread 3 ] DEBUG Engine               - isNative: false
22:43:53.018 [FXGL Background Thread 3 ] DEBUG Engine               - isPauseMusicWhenMinimized: true
22:43:53.018 [FXGL Background Thread 3 ] DEBUG Engine               - isPreserveResizeRatio: false
22:43:53.018 [FXGL Background Thread 3 ] DEBUG Engine               - isProfilingEnabled: true
22:43:53.018 [FXGL Background Thread 3 ] DEBUG Engine               - isScaleAffectedOnResize: true
22:43:53.018 [FXGL Background Thread 3 ] DEBUG Engine               - isSingleStep: false
22:43:53.018 [FXGL Background Thread 3 ] DEBUG Engine               - isUserProfileEnabled: false
22:43:53.018 [FXGL Background Thread 3 ] DEBUG Engine               - isWindows: true
22:43:53.018 [FXGL Background Thread 3 ] DEBUG Engine               - language: ObjectProperty [value: ENGLISH]
22:43:53.018 [FXGL Background Thread 3 ] DEBUG Engine               - menuKey: ESCAPE
22:43:53.018 [FXGL Background Thread 3 ] DEBUG Engine               - mouseSensitivity: 0.2
22:43:53.018 [FXGL Background Thread 3 ] DEBUG Engine               - notificationViewClass: class com.almasb.fxgl.notification.view.XboxNotificationView
22:43:53.018 [FXGL Background Thread 3 ] DEBUG Engine               - pixelsPerMeter: 50.0
22:43:53.018 [FXGL Background Thread 3 ] DEBUG Engine               - platform: WINDOWS
22:43:53.018 [FXGL Background Thread 3 ] DEBUG Engine               - prefHeightProperty: ReadOnlyDoubleProperty [value: 900.0]
22:43:53.018 [FXGL Background Thread 3 ] DEBUG Engine               - prefWidthProperty: ReadOnlyDoubleProperty [value: 1400.0]
22:43:53.018 [FXGL Background Thread 3 ] DEBUG Engine               - profileDir: profiles/
22:43:53.018 [FXGL Background Thread 3 ] DEBUG Engine               - profileName: StringProperty [value: DEFAULT]
22:43:53.018 [FXGL Background Thread 3 ] DEBUG Engine               - randomSeed: -1
22:43:53.018 [FXGL Background Thread 3 ] DEBUG Engine               - runtimeInfo: RuntimeInfo(platform=WINDOWS, version=21.1, build=27.03.2024 07.52)
22:43:53.018 [FXGL Background Thread 3 ] DEBUG Engine               - saveFileExt: sav
22:43:53.018 [FXGL Background Thread 3 ] DEBUG Engine               - scaledHeightProp$fxgl: DoubleProperty [bound, value: 864.0]
22:43:53.018 [FXGL Background Thread 3 ] DEBUG Engine               - scaledWidthProp$fxgl: DoubleProperty [bound, value: 1319.0]
22:43:53.018 [FXGL Background Thread 3 ] DEBUG Engine               - sceneFactory: com.almasb.fxgl.app.scene.SceneFactory@5281433d
22:43:53.018 [FXGL Background Thread 3 ] DEBUG Engine               - secondsIn24h: 60
22:43:53.018 [FXGL Background Thread 3 ] DEBUG Engine               - soundMenuBack: menu/back.wav
22:43:53.018 [FXGL Background Thread 3 ] DEBUG Engine               - soundMenuPress: menu/press.wav
22:43:53.018 [FXGL Background Thread 3 ] DEBUG Engine               - soundMenuSelect: menu/select.wav
22:43:53.018 [FXGL Background Thread 3 ] DEBUG Engine               - soundNotification: core/notification.wav
22:43:53.018 [FXGL Background Thread 3 ] DEBUG Engine               - stageStyle: DECORATED
22:43:53.019 [FXGL Background Thread 3 ] DEBUG Engine               - supportedLanguages: [ENGLISH, FRENCH, GERMAN, HUNGARIAN, RUSSIAN]
22:43:53.019 [FXGL Background Thread 3 ] DEBUG Engine               - ticksPerSecond: -1
22:43:53.019 [FXGL Background Thread 3 ] DEBUG Engine               - title: RealPhysics
22:43:53.019 [FXGL Background Thread 3 ] DEBUG Engine               - urlGithub: https://github.com/AlmasB/FXGL
22:43:53.019 [FXGL Background Thread 3 ] DEBUG Engine               - urlLeaderboard: http://fxgl-top.herokuapp.com/
22:43:53.019 [FXGL Background Thread 3 ] DEBUG Engine               - urlPOM: https://raw.githubusercontent.com/AlmasB/FXGL/release/README.md
22:43:53.019 [FXGL Background Thread 3 ] DEBUG Engine               - userAppClass: class com.example.realphysics.App
22:43:53.019 [FXGL Background Thread 3 ] DEBUG Engine               - version: 0.0
22:43:53.019 [FXGL Background Thread 3 ] DEBUG Engine               - versionCheckDays: 7
22:43:53.019 [FXGL Background Thread 3 ] DEBUG Engine               - width: 1400
22:43:53.019 [FXGL Background Thread 3 ] DEBUG Engine               - Logging services
22:43:53.019 [FXGL Background Thread 3 ] DEBUG Engine               - class com.almasb.fxgl.app.services.FXGLAssetLoaderService
22:43:53.019 [FXGL Background Thread 3 ] DEBUG Engine               - class com.almasb.fxgl.app.FXGLApplication$GameApplicationService
22:43:53.019 [FXGL Background Thread 3 ] DEBUG Engine               - class com.almasb.fxgl.app.services.FXGLDialogService
22:43:53.019 [FXGL Background Thread 3 ] DEBUG Engine               - class com.almasb.fxgl.app.services.IOTaskExecutorService
22:43:53.019 [FXGL Background Thread 3 ] DEBUG Engine               - class com.almasb.fxgl.io.FileSystemService
22:43:53.019 [FXGL Background Thread 3 ] DEBUG Engine               - class com.almasb.fxgl.localization.LocalizationService
22:43:53.019 [FXGL Background Thread 3 ] DEBUG Engine               - class com.almasb.fxgl.app.services.SystemBundleService
22:43:53.019 [FXGL Background Thread 3 ] DEBUG Engine               - class com.almasb.fxgl.profile.SaveLoadService
22:43:53.019 [FXGL Background Thread 3 ] DEBUG Engine               - class com.almasb.fxgl.ui.FXGLUIFactoryServiceProvider
22:43:53.019 [FXGL Background Thread 3 ] DEBUG Engine               - class com.almasb.fxgl.ui.FXGLDialogFactoryServiceProvider
22:43:53.019 [FXGL Background Thread 3 ] DEBUG Engine               - class com.almasb.fxgl.audio.AudioPlayer
22:43:53.019 [FXGL Background Thread 3 ] DEBUG Engine               - class com.almasb.fxgl.notification.impl.NotificationServiceProvider
22:43:53.019 [FXGL Background Thread 3 ] DEBUG Engine               - class com.almasb.fxgl.achievement.AchievementService
22:43:53.019 [FXGL Background Thread 3 ] DEBUG Engine               - class com.almasb.fxgl.cutscene.CutsceneService
22:43:53.019 [FXGL Background Thread 3 ] DEBUG Engine               - class com.almasb.fxgl.minigames.MiniGameService
22:43:53.019 [FXGL Background Thread 3 ] DEBUG Engine               - class com.almasb.fxgl.net.NetService
22:43:53.019 [FXGL Background Thread 3 ] DEBUG Engine               - class com.almasb.fxgl.app.services.UpdaterService
22:43:53.019 [FXGL Background Thread 3 ] DEBUG Engine               - class com.almasb.fxgl.dev.DevService
22:43:53.019 [FXGL Background Thread 3 ] DEBUG Engine               - class com.almasb.fxgl.dev.profiling.ProfilerService
22:44:01.934 [JavaFX Application Thread] DEBUG FXGLApplication      - Exiting FXGL
22:44:01.934 [JavaFX Application Thread] DEBUG LoopRunner           - Stopping loop
22:44:01.934 [JavaFX Application Thread] DEBUG SystemBundleService  - Saving FXGL system data
22:44:01.936 [JavaFX Application Thread] DEBUG FileSystemAccess     - Writing to: C:\Physics engin\RealPhysics\system\fxgl.bundle
22:44:01.938 [JavaFX Application Thread] INFO  ProfilerWindow       - Profiler (FPS) - 1631 frames
22:44:01.938 [JavaFX Application Thread] INFO  ProfilerWindow       - Average: 126.8522378908645
22:44:01.938 [JavaFX Application Thread] INFO  ProfilerWindow       - Minimum: 60.0
22:44:01.938 [JavaFX Application Thread] INFO  ProfilerWindow       - Maximum: 144.0
22:44:01.938 [JavaFX Application Thread] INFO  ProfilerWindow       - Profiler (CPU (ms)) - 1631 frames
22:44:01.938 [JavaFX Application Thread] INFO  ProfilerWindow       - Average: 0.2240726548129978
22:44:01.938 [JavaFX Application Thread] INFO  ProfilerWindow       - Minimum: 0.0
22:44:01.938 [JavaFX Application Thread] INFO  ProfilerWindow       - Maximum: 11.9855
22:44:01.938 [JavaFX Application Thread] INFO  ProfilerWindow       - Profiler (RAM (MB)) - 1631 frames
22:44:01.938 [JavaFX Application Thread] INFO  ProfilerWindow       - Average: 33.192597862257685
22:44:01.938 [JavaFX Application Thread] INFO  ProfilerWindow       - Minimum: 14.684066772460938
22:44:01.938 [JavaFX Application Thread] INFO  ProfilerWindow       - Maximum: 54.892784118652344
22:44:01.939 [JavaFX Application Thread] INFO  ProfilerService      - Estimated GC runs: 4
22:44:01.939 [JavaFX Application Thread] DEBUG Async                - Shutting down background threads
22:44:01.939 [JavaFX Application Thread] DEBUG PrimaryStageWindow   - Closing main window
22:44:01.952 [JavaFX Application Thread] DEBUG Logger               - Closing Logger
