00:30:36.146 [main                     ] DEBUG Logger               - Configured Logger
00:30:36.171 [main                     ] DEBUG GameApplication      - Logging settings
Title: RealPhysics
Version: 0.0
Width: 1400
Height: 900
Fullscreen: false
Intro: false
Profiling: true
Single step:false
App Mode: DEVELOPER
Menu Key: ESCAPE
Stage Style: DECORATED
Scene Factory: class com.almasb.fxgl.app.scene.SceneFactory

00:30:36.512 [JavaFX Application Thread] DEBUG FXGLApplication      - Initializing FXGL
00:30:36.515 [JavaFX Application Thread] INFO  Engine               - FXGL-21.1 (27.03.2024 07.52) on WINDOWS (J:21.0.11 FX:21.0.6)
00:30:36.516 [JavaFX Application Thread] DEBUG Engine               - JRE Vendor Name: Eclipse Adoptium
00:30:36.516 [JavaFX Application Thread] DEBUG Engine               - Running on OS: Windows 11 version 10.0
00:30:36.516 [JavaFX Application Thread] DEBUG Engine               - Architecture: amd64
00:30:36.516 [JavaFX Application Thread] INFO  Engine               - Source code and latest versions at: https://github.com/AlmasB/FXGL
00:30:36.516 [JavaFX Application Thread] INFO  Engine               -       Ask questions and discuss at: https://github.com/AlmasB/FXGL/discussions
00:30:36.516 [JavaFX Application Thread] INFO  Engine               -              Join the FXGL chat at: https://gitter.im/AlmasB/FXGL
00:30:36.592 [JavaFX Application Thread] DEBUG PrimaryStageWindow   - Creating a JavaFX scene
00:30:36.592 [JavaFX Application Thread] DEBUG PrimaryStageWindow   - Target size > screen size
00:30:36.637 [JavaFX Application Thread] DEBUG PrimaryStageWindow   - Target settings size: 1400.0 x 900.0
00:30:36.637 [JavaFX Application Thread] DEBUG PrimaryStageWindow   - Scaled scene size:    1319.0 x 864.0
00:30:36.637 [JavaFX Application Thread] DEBUG PrimaryStageWindow   - Scaled ratio: (0.9421428571428572, 0.96)
00:30:36.638 [JavaFX Application Thread] DEBUG PrimaryStageWindow   - Set initial scene to FXGLStartupScene
00:30:36.640 [JavaFX Application Thread] DEBUG PrimaryStageWindow   - Opening main window
00:30:36.750 [JavaFX Application Thread] DEBUG PrimaryStageWindow   - Window border size: (14.5999755859375, 37.5999755859375)
00:30:36.750 [JavaFX Application Thread] DEBUG PrimaryStageWindow   - Scaled size: 1319.0 x 864.0
00:30:36.750 [JavaFX Application Thread] DEBUG PrimaryStageWindow   - Scaled ratio: (0.9421428571428572, 0.96)
00:30:36.750 [JavaFX Application Thread] DEBUG PrimaryStageWindow   - Scene size: 1319.0 x 864.0
00:30:36.750 [JavaFX Application Thread] DEBUG PrimaryStageWindow   - Stage size: 1333.5999755859375 x 901.5999755859375
00:30:36.760 [FXGL Background Thread 1 ] DEBUG Engine               - Initializing environment variables
00:30:36.834 [FXGL Background Thread 1 ] DEBUG FXGLAssetLoaderServi - User app class for loading assets: class com.example.realphysics.App
00:30:36.834 [FXGL Background Thread 1 ] DEBUG GameApplicationServi - Applying CSS: fxgl_dark.css
00:30:36.834 [FXGL Background Thread 1 ] DEBUG FXGLAssetLoaderServi - Loading from file system: jar:file:///C:/Users/naith/.m2/repository/com/github/almasb/fxgl/21.1/fxgl-21.1.jar!/fxglassets/ui/css/fxgl_dark.css
00:30:36.883 [FXGL Background Thread 1 ] DEBUG GameApplicationServi - Initializing application scenes
00:30:36.937 [FXGL Background Thread 1 ] DEBUG GameWorld            - Game world initialized
00:30:36.995 [FXGL Background Thread 1 ] DEBUG PhysicsWorld         - Physics world initialized: appHeight=900, physics.ppm=50.0
00:30:36.995 [FXGL Background Thread 1 ] DEBUG PhysicsWorld         - Using strategy: BRUTE_FORCE
00:30:37.001 [FXGL Background Thread 1 ] DEBUG GameScene            - Game scene initialized: 1400x900
00:30:37.009 [FXGL Background Thread 1 ] DEBUG FXGL.DefaultMenu     - createMenuBodyGameMenu()
00:30:37.020 [FXGL Background Thread 1 ] DEBUG FXGL.DefaultMenu     - createOptionsMenu()
00:30:37.027 [FXGL Background Thread 1 ] DEBUG FXGLAssetLoaderServi - Loading from file system: jar:file:///C:/Users/naith/.m2/repository/com/github/almasb/fxgl/21.1/fxgl-21.1.jar!/fxglassets/textures/particles/smoke.png
00:30:37.109 [FXGL Background Thread 1 ] DEBUG FXGLAssetLoaderServi - Loading from file system: jar:file:///C:/Users/naith/.m2/repository/com/github/almasb/fxgl/21.1/fxgl-21.1.jar!/fxglassets/textures/particles/trace_horizontal.png
00:30:37.138 [FXGL Background Thread 1 ] DEBUG GameApplicationServi - Application scenes initialized
00:30:37.148 [FXGL Background Thread 1 ] DEBUG SystemBundleService  - Loading FXGL system data
00:30:37.152 [FXGL Background Thread 1 ] DEBUG FileSystemAccess     - Reading from: C:\Physics engin\RealPhysics\system\fxgl.bundle
00:30:37.161 [FXGL Background Thread 1 ] DEBUG SystemBundleService  - Bundle FXGL: {}
00:30:37.161 [FXGL Background Thread 1 ] DEBUG UpdaterService       - Checking for updates
00:30:37.171 [FXGL Background Thread 4 ] DEBUG FXGLApplication      - Loading fonts
00:30:37.173 [FXGL Background Thread 4 ] DEBUG FXGLAssetLoaderServi - Loading from file system: jar:file:///C:/Users/naith/.m2/repository/com/github/almasb/fxgl/21.1/fxgl-21.1.jar!/fxglassets/ui/fonts/VarelaRound-Regular.ttf
00:30:37.173 [FXGL Background Thread 1 ] DEBUG FXGLApplication      - Loading default localization
00:30:37.173 [FXGL Background Thread 1 ] DEBUG FXGLAssetLoaderServi - Loading from file system: jar:file:///C:/Users/naith/.m2/repository/com/github/almasb/fxgl/21.1/fxgl-21.1.jar!/fxglassets/languages/english.lang
00:30:37.198 [FXGL Background Thread 1 ] INFO  FXGLApplication      - FXGL initialization took: 0.438 sec
00:30:37.198 [FXGL Background Thread 4 ] DEBUG FXGLAssetLoaderServi - Loading from file system: jar:file:///C:/Users/naith/.m2/repository/com/github/almasb/fxgl/21.1/fxgl-21.1.jar!/fxglassets/ui/fonts/Abel-Regular.ttf
00:30:37.199 [JavaFX Application Thread] DEBUG FXGLAssetLoaderServi - Loading from file system: jar:file:///C:/Users/naith/.m2/repository/com/github/almasb/fxgl/21.1/fxgl-21.1.jar!/fxglassets/textures/fxgl_icon.png
00:30:37.201 [FXGL Background Thread 4 ] DEBUG FXGLAssetLoaderServi - Loading from file system: jar:file:///C:/Users/naith/.m2/repository/com/github/almasb/fxgl/21.1/fxgl-21.1.jar!/fxglassets/ui/fonts/TerminalLandMono-Regular.otf
00:30:37.204 [FXGL Background Thread 4 ] DEBUG FXGLAssetLoaderServi - Loading from file system: jar:file:///C:/Users/naith/.m2/repository/com/github/almasb/fxgl/21.1/fxgl-21.1.jar!/fxglassets/ui/fonts/Courier-Prime.ttf
00:30:37.220 [JavaFX Application Thread] DEBUG FXGLAssetLoaderServi - Loading from file system: jar:file:///C:/Users/naith/.m2/repository/com/github/almasb/fxgl/21.1/fxgl-21.1.jar!/fxglassets/textures/fxgl_default_cursor.png
00:30:37.232 [JavaFX Application Thread] DEBUG Input                - Registered new binding: Screenshot - CTRL+8
00:30:37.233 [JavaFX Application Thread] DEBUG Input                - Registered new binding: System info dump - CTRL+9
00:30:37.234 [JavaFX Application Thread] DEBUG Input                - Registered new binding: Restart - CTRL+R
00:30:37.234 [JavaFX Application Thread] DEBUG Input                - Registered new binding: Toggle Debug Camera - CTRL+7
00:30:37.236 [JavaFX Application Thread] DEBUG LoopRunner           - Starting loop
00:30:37.236 [JavaFX Application Thread] DEBUG LoopRunner           - Initializing JavaFX AnimationTimerLoop
00:30:37.236 [JavaFX Application Thread] DEBUG GameApplicationServi - Starting new game
00:30:37.236 [JavaFX Application Thread] DEBUG Input                - Clearing active input actions
00:30:37.247 [JavaFX Application Thread] DEBUG GameApplicationServi - Removing overlay from FXGLStartupScene and adding to FXGLLoadingScene
00:30:37.249 [JavaFX Application Thread] DEBUG PrimaryStageWindow   - FXGLStartupScene -> FXGLLoadingScene
00:30:37.249 [JavaFX Application Thread] DEBUG GameApplicationServi - Clearing previous game
00:30:37.249 [JavaFX Application Thread] DEBUG GameScene            - Clearing game scene
00:30:37.249 [JavaFX Application Thread] DEBUG GameWorld            - Clearing game world
00:30:37.249 [JavaFX Application Thread] DEBUG PhysicsWorld         - Clearing physics world
00:30:37.251 [JavaFX Application Thread] DEBUG FXGLApplication      - Registering font factories with UI factory
00:30:37.251 [FXGL Background Thread 4 ] DEBUG FXGLApplication      - Initializing game
00:30:37.274 [FXGL Background Thread 4 ] INFO  FXGLApplication      - Game initialization took: 0.023 sec
00:30:37.326 [JavaFX Application Thread] DEBUG Input                - Clearing active input actions
00:30:37.330 [JavaFX Application Thread] DEBUG GameApplicationServi - Removing overlay from FXGLLoadingScene and adding to GameScene
00:30:37.330 [JavaFX Application Thread] DEBUG PrimaryStageWindow   - FXGLLoadingScene -> GameScene
00:30:38.848 [FXGL Background Thread 2 ] INFO  UpdaterService       - Your current version:  21.1
00:30:38.848 [FXGL Background Thread 2 ] INFO  UpdaterService       - Latest stable version: 25
00:30:40.172 [FXGL Background Thread 3 ] DEBUG Engine               - Logging environment variables
00:30:40.172 [FXGL Background Thread 3 ] DEBUG Engine               - achievements: []
00:30:40.172 [FXGL Background Thread 3 ] DEBUG Engine               - actualHeight: 864.0
00:30:40.172 [FXGL Background Thread 3 ] DEBUG Engine               - actualHeightProperty: ReadOnlyDoubleProperty [value: 864.0]
00:30:40.172 [FXGL Background Thread 3 ] DEBUG Engine               - actualWidth: 1319.0
00:30:40.172 [FXGL Background Thread 3 ] DEBUG Engine               - actualWidthProperty: ReadOnlyDoubleProperty [value: 1319.0]
00:30:40.172 [FXGL Background Thread 3 ] DEBUG Engine               - appIcon: fxgl_icon.png
00:30:40.172 [FXGL Background Thread 3 ] DEBUG Engine               - applicationMode: DEVELOPER
00:30:40.172 [FXGL Background Thread 3 ] DEBUG Engine               - cSSList: [fxgl_dark.css]
00:30:40.172 [FXGL Background Thread 3 ] DEBUG Engine               - collisionDetectionStrategy: BRUTE_FORCE
00:30:40.172 [FXGL Background Thread 3 ] DEBUG Engine               - configClass: Optional.empty
00:30:40.172 [FXGL Background Thread 3 ] DEBUG Engine               - credits: []
00:30:40.173 [FXGL Background Thread 3 ] DEBUG Engine               - defaultCursor: CursorInfo(imageName=fxgl_default_cursor.png, hotspotX=7.0, hotspotY=6.0)
00:30:40.173 [FXGL Background Thread 3 ] DEBUG Engine               - devBBoxColorProperty: ObjectProperty [value: 0xff0000ff]
00:30:40.173 [FXGL Background Thread 3 ] DEBUG Engine               - devEnableDebugCameraProperty: BooleanProperty [value: false]
00:30:40.173 [FXGL Background Thread 3 ] DEBUG Engine               - devSensorColorProperty: ObjectProperty [value: 0xffff00ff]
00:30:40.173 [FXGL Background Thread 3 ] DEBUG Engine               - devShowBBoxProperty: BooleanProperty [value: false]
00:30:40.173 [FXGL Background Thread 3 ] DEBUG Engine               - devShowPositionProperty: BooleanProperty [value: false]
00:30:40.173 [FXGL Background Thread 3 ] DEBUG Engine               - enabledMenuItems: []
00:30:40.173 [FXGL Background Thread 3 ] DEBUG Engine               - engineServices: [class com.almasb.fxgl.app.services.FXGLAssetLoaderService, class com.almasb.fxgl.app.FXGLApplication$GameApplicationService, class com.almasb.fxgl.app.services.FXGLDialogService, class com.almasb.fxgl.app.services.IOTaskExecutorService, class com.almasb.fxgl.io.FileSystemService, class com.almasb.fxgl.localization.LocalizationService, class com.almasb.fxgl.app.services.SystemBundleService, class com.almasb.fxgl.profile.SaveLoadService, class com.almasb.fxgl.ui.FXGLUIFactoryServiceProvider, class com.almasb.fxgl.ui.FXGLDialogFactoryServiceProvider, class com.almasb.fxgl.audio.AudioPlayer, class com.almasb.fxgl.notification.impl.NotificationServiceProvider, class com.almasb.fxgl.achievement.AchievementService, class com.almasb.fxgl.cutscene.CutsceneService, class com.almasb.fxgl.minigames.MiniGameService, class com.almasb.fxgl.net.NetService, class com.almasb.fxgl.app.services.UpdaterService, class com.almasb.fxgl.dev.DevService, class com.almasb.fxgl.dev.profiling.ProfilerService]
00:30:40.173 [FXGL Background Thread 3 ] DEBUG Engine               - fontGame: Abel-Regular.ttf
00:30:40.173 [FXGL Background Thread 3 ] DEBUG Engine               - fontMono: TerminalLandMono-Regular.otf
00:30:40.173 [FXGL Background Thread 3 ] DEBUG Engine               - fontSizeScaleUI: 1.0
00:30:40.173 [FXGL Background Thread 3 ] DEBUG Engine               - fontText: Courier-Prime.ttf
00:30:40.173 [FXGL Background Thread 3 ] DEBUG Engine               - fontUI: VarelaRound-Regular.ttf
00:30:40.173 [FXGL Background Thread 3 ] DEBUG Engine               - fullScreen: BooleanProperty [value: false]
00:30:40.173 [FXGL Background Thread 3 ] DEBUG Engine               - gameDifficulty: MEDIUM
00:30:40.173 [FXGL Background Thread 3 ] DEBUG Engine               - gameDifficultyProperty: ObjectProperty [value: MEDIUM]
00:30:40.173 [FXGL Background Thread 3 ] DEBUG Engine               - globalMusicVolume: 0.5
00:30:40.173 [FXGL Background Thread 3 ] DEBUG Engine               - globalMusicVolumeProperty: DoubleProperty [value: 0.5]
00:30:40.173 [FXGL Background Thread 3 ] DEBUG Engine               - globalSoundVolume: 0.5
00:30:40.173 [FXGL Background Thread 3 ] DEBUG Engine               - globalSoundVolumeProperty: DoubleProperty [value: 0.5]
00:30:40.173 [FXGL Background Thread 3 ] DEBUG Engine               - height: 900
00:30:40.174 [FXGL Background Thread 3 ] DEBUG Engine               - is3D: false
00:30:40.174 [FXGL Background Thread 3 ] DEBUG Engine               - isAndroid: false
00:30:40.174 [FXGL Background Thread 3 ] DEBUG Engine               - isBrowser: false
00:30:40.174 [FXGL Background Thread 3 ] DEBUG Engine               - isClickFeedbackEnabled: false
00:30:40.174 [FXGL Background Thread 3 ] DEBUG Engine               - isCloseConfirmation: false
00:30:40.174 [FXGL Background Thread 3 ] DEBUG Engine               - isDesktop: true
00:30:40.174 [FXGL Background Thread 3 ] DEBUG Engine               - isDeveloperMenuEnabled: false
00:30:40.174 [FXGL Background Thread 3 ] DEBUG Engine               - isEmbedded: false
00:30:40.174 [FXGL Background Thread 3 ] DEBUG Engine               - isEntityPreloadEnabled: true
00:30:40.174 [FXGL Background Thread 3 ] DEBUG Engine               - isExperimentalTiledLargeMap: false
00:30:40.174 [FXGL Background Thread 3 ] DEBUG Engine               - isFileSystemWriteAllowed: true
00:30:40.174 [FXGL Background Thread 3 ] DEBUG Engine               - isFullScreenAllowed: false
00:30:40.174 [FXGL Background Thread 3 ] DEBUG Engine               - isFullScreenFromStart: false
00:30:40.174 [FXGL Background Thread 3 ] DEBUG Engine               - isGameMenuEnabled: true
00:30:40.174 [FXGL Background Thread 3 ] DEBUG Engine               - isIOS: false
00:30:40.174 [FXGL Background Thread 3 ] DEBUG Engine               - isIntroEnabled: false
00:30:40.174 [FXGL Background Thread 3 ] DEBUG Engine               - isLinux: false
00:30:40.174 [FXGL Background Thread 3 ] DEBUG Engine               - isMac: false
00:30:40.174 [FXGL Background Thread 3 ] DEBUG Engine               - isMainMenuEnabled: false
00:30:40.174 [FXGL Background Thread 3 ] DEBUG Engine               - isManualResizeEnabled: false
00:30:40.174 [FXGL Background Thread 3 ] DEBUG Engine               - isMobile: false
00:30:40.174 [FXGL Background Thread 3 ] DEBUG Engine               - isNative: false
00:30:40.174 [FXGL Background Thread 3 ] DEBUG Engine               - isPauseMusicWhenMinimized: true
00:30:40.174 [FXGL Background Thread 3 ] DEBUG Engine               - isPreserveResizeRatio: false
00:30:40.174 [FXGL Background Thread 3 ] DEBUG Engine               - isProfilingEnabled: true
00:30:40.174 [FXGL Background Thread 3 ] DEBUG Engine               - isScaleAffectedOnResize: true
00:30:40.174 [FXGL Background Thread 3 ] DEBUG Engine               - isSingleStep: false
00:30:40.174 [FXGL Background Thread 3 ] DEBUG Engine               - isUserProfileEnabled: false
00:30:40.174 [FXGL Background Thread 3 ] DEBUG Engine               - isWindows: true
00:30:40.174 [FXGL Background Thread 3 ] DEBUG Engine               - language: ObjectProperty [value: ENGLISH]
00:30:40.174 [FXGL Background Thread 3 ] DEBUG Engine               - menuKey: ESCAPE
00:30:40.174 [FXGL Background Thread 3 ] DEBUG Engine               - mouseSensitivity: 0.2
00:30:40.174 [FXGL Background Thread 3 ] DEBUG Engine               - notificationViewClass: class com.almasb.fxgl.notification.view.XboxNotificationView
00:30:40.174 [FXGL Background Thread 3 ] DEBUG Engine               - pixelsPerMeter: 50.0
00:30:40.174 [FXGL Background Thread 3 ] DEBUG Engine               - platform: WINDOWS
00:30:40.174 [FXGL Background Thread 3 ] DEBUG Engine               - prefHeightProperty: ReadOnlyDoubleProperty [value: 900.0]
00:30:40.174 [FXGL Background Thread 3 ] DEBUG Engine               - prefWidthProperty: ReadOnlyDoubleProperty [value: 1400.0]
00:30:40.174 [FXGL Background Thread 3 ] DEBUG Engine               - profileDir: profiles/
00:30:40.174 [FXGL Background Thread 3 ] DEBUG Engine               - profileName: StringProperty [value: DEFAULT]
00:30:40.174 [FXGL Background Thread 3 ] DEBUG Engine               - randomSeed: -1
00:30:40.174 [FXGL Background Thread 3 ] DEBUG Engine               - runtimeInfo: RuntimeInfo(platform=WINDOWS, version=21.1, build=27.03.2024 07.52)
00:30:40.174 [FXGL Background Thread 3 ] DEBUG Engine               - saveFileExt: sav
00:30:40.174 [FXGL Background Thread 3 ] DEBUG Engine               - scaledHeightProp$fxgl: DoubleProperty [bound, value: 864.0]
00:30:40.175 [FXGL Background Thread 3 ] DEBUG Engine               - scaledWidthProp$fxgl: DoubleProperty [bound, value: 1319.0]
00:30:40.175 [FXGL Background Thread 3 ] DEBUG Engine               - sceneFactory: com.almasb.fxgl.app.scene.SceneFactory@6bf64ea5
00:30:40.175 [FXGL Background Thread 3 ] DEBUG Engine               - secondsIn24h: 60
00:30:40.175 [FXGL Background Thread 3 ] DEBUG Engine               - soundMenuBack: menu/back.wav
00:30:40.175 [FXGL Background Thread 3 ] DEBUG Engine               - soundMenuPress: menu/press.wav
00:30:40.175 [FXGL Background Thread 3 ] DEBUG Engine               - soundMenuSelect: menu/select.wav
00:30:40.175 [FXGL Background Thread 3 ] DEBUG Engine               - soundNotification: core/notification.wav
00:30:40.175 [FXGL Background Thread 3 ] DEBUG Engine               - stageStyle: DECORATED
00:30:40.175 [FXGL Background Thread 3 ] DEBUG Engine               - supportedLanguages: [ENGLISH, FRENCH, GERMAN, HUNGARIAN, RUSSIAN]
00:30:40.175 [FXGL Background Thread 3 ] DEBUG Engine               - ticksPerSecond: -1
00:30:40.175 [FXGL Background Thread 3 ] DEBUG Engine               - title: RealPhysics
00:30:40.175 [FXGL Background Thread 3 ] DEBUG Engine               - urlGithub: https://github.com/AlmasB/FXGL
00:30:40.175 [FXGL Background Thread 3 ] DEBUG Engine               - urlLeaderboard: http://fxgl-top.herokuapp.com/
00:30:40.175 [FXGL Background Thread 3 ] DEBUG Engine               - urlPOM: https://raw.githubusercontent.com/AlmasB/FXGL/release/README.md
00:30:40.175 [FXGL Background Thread 3 ] DEBUG Engine               - userAppClass: class com.example.realphysics.App
00:30:40.175 [FXGL Background Thread 3 ] DEBUG Engine               - version: 0.0
00:30:40.175 [FXGL Background Thread 3 ] DEBUG Engine               - versionCheckDays: 7
00:30:40.175 [FXGL Background Thread 3 ] DEBUG Engine               - width: 1400
00:30:40.175 [FXGL Background Thread 3 ] DEBUG Engine               - Logging services
00:30:40.175 [FXGL Background Thread 3 ] DEBUG Engine               - class com.almasb.fxgl.app.services.FXGLAssetLoaderService
00:30:40.175 [FXGL Background Thread 3 ] DEBUG Engine               - class com.almasb.fxgl.app.FXGLApplication$GameApplicationService
00:30:40.175 [FXGL Background Thread 3 ] DEBUG Engine               - class com.almasb.fxgl.app.services.FXGLDialogService
00:30:40.175 [FXGL Background Thread 3 ] DEBUG Engine               - class com.almasb.fxgl.app.services.IOTaskExecutorService
00:30:40.175 [FXGL Background Thread 3 ] DEBUG Engine               - class com.almasb.fxgl.io.FileSystemService
00:30:40.175 [FXGL Background Thread 3 ] DEBUG Engine               - class com.almasb.fxgl.localization.LocalizationService
00:30:40.175 [FXGL Background Thread 3 ] DEBUG Engine               - class com.almasb.fxgl.app.services.SystemBundleService
00:30:40.175 [FXGL Background Thread 3 ] DEBUG Engine               - class com.almasb.fxgl.profile.SaveLoadService
00:30:40.175 [FXGL Background Thread 3 ] DEBUG Engine               - class com.almasb.fxgl.ui.FXGLUIFactoryServiceProvider
00:30:40.175 [FXGL Background Thread 3 ] DEBUG Engine               - class com.almasb.fxgl.ui.FXGLDialogFactoryServiceProvider
00:30:40.175 [FXGL Background Thread 3 ] DEBUG Engine               - class com.almasb.fxgl.audio.AudioPlayer
00:30:40.175 [FXGL Background Thread 3 ] DEBUG Engine               - class com.almasb.fxgl.notification.impl.NotificationServiceProvider
00:30:40.175 [FXGL Background Thread 3 ] DEBUG Engine               - class com.almasb.fxgl.achievement.AchievementService
00:30:40.175 [FXGL Background Thread 3 ] DEBUG Engine               - class com.almasb.fxgl.cutscene.CutsceneService
00:30:40.175 [FXGL Background Thread 3 ] DEBUG Engine               - class com.almasb.fxgl.minigames.MiniGameService
00:30:40.175 [FXGL Background Thread 3 ] DEBUG Engine               - class com.almasb.fxgl.net.NetService
00:30:40.175 [FXGL Background Thread 3 ] DEBUG Engine               - class com.almasb.fxgl.app.services.UpdaterService
00:30:40.175 [FXGL Background Thread 3 ] DEBUG Engine               - class com.almasb.fxgl.dev.DevService
00:30:40.175 [FXGL Background Thread 3 ] DEBUG Engine               - class com.almasb.fxgl.dev.profiling.ProfilerService
00:31:36.364 [JavaFX Application Thread] DEBUG FXGLApplication      - Exiting FXGL
00:31:36.365 [JavaFX Application Thread] DEBUG LoopRunner           - Stopping loop
00:31:36.365 [JavaFX Application Thread] DEBUG SystemBundleService  - Saving FXGL system data
00:31:36.367 [JavaFX Application Thread] DEBUG FileSystemAccess     - Writing to: C:\Physics engin\RealPhysics\system\fxgl.bundle
00:31:36.368 [JavaFX Application Thread] INFO  ProfilerWindow       - Profiler (FPS) - 5896 frames
00:31:36.368 [JavaFX Application Thread] INFO  ProfilerWindow       - Average: 99.04816824966079
00:31:36.368 [JavaFX Application Thread] INFO  ProfilerWindow       - Minimum: 60.0
00:31:36.369 [JavaFX Application Thread] INFO  ProfilerWindow       - Maximum: 103.00000000000001
00:31:36.369 [JavaFX Application Thread] INFO  ProfilerWindow       - Profiler (CPU (ms)) - 5896 frames
00:31:36.369 [JavaFX Application Thread] INFO  ProfilerWindow       - Average: 0.28337678086838547
00:31:36.369 [JavaFX Application Thread] INFO  ProfilerWindow       - Minimum: 0.0
00:31:36.369 [JavaFX Application Thread] INFO  ProfilerWindow       - Maximum: 12.7637
00:31:36.369 [JavaFX Application Thread] INFO  ProfilerWindow       - Profiler (RAM (MB)) - 5896 frames
00:31:36.369 [JavaFX Application Thread] INFO  ProfilerWindow       - Average: 30.00716517511831
00:31:36.369 [JavaFX Application Thread] INFO  ProfilerWindow       - Minimum: 14.190658569335938
00:31:36.369 [JavaFX Application Thread] INFO  ProfilerWindow       - Maximum: 49.058258056640625
00:31:36.369 [JavaFX Application Thread] INFO  ProfilerService      - Estimated GC runs: 14
00:31:36.369 [JavaFX Application Thread] DEBUG Async                - Shutting down background threads
00:31:36.369 [JavaFX Application Thread] DEBUG PrimaryStageWindow   - Closing main window
00:31:36.381 [JavaFX Application Thread] DEBUG Logger               - Closing Logger
