00:27:19.207 [main                     ] DEBUG Logger               - Configured Logger
00:27:19.229 [main                     ] DEBUG GameApplication      - Logging settings
Title: RealPhysics
Version: 0.0
Width: 1400
Height: 900
Fullscreen: false
Intro: false
Profiling: true
Single step:false
App Mode: DEVELOPER
Menu Key: ESCAPE
Stage Style: DECORATED
Scene Factory: class com.almasb.fxgl.app.scene.SceneFactory

00:27:19.554 [JavaFX Application Thread] DEBUG FXGLApplication      - Initializing FXGL
00:27:19.557 [JavaFX Application Thread] INFO  Engine               - FXGL-21.1 (27.03.2024 07.52) on WINDOWS (J:21.0.11 FX:21.0.6)
00:27:19.558 [JavaFX Application Thread] DEBUG Engine               - JRE Vendor Name: Eclipse Adoptium
00:27:19.558 [JavaFX Application Thread] DEBUG Engine               - Running on OS: Windows 11 version 10.0
00:27:19.558 [JavaFX Application Thread] DEBUG Engine               - Architecture: amd64
00:27:19.558 [JavaFX Application Thread] INFO  Engine               - Source code and latest versions at: https://github.com/AlmasB/FXGL
00:27:19.558 [JavaFX Application Thread] INFO  Engine               -       Ask questions and discuss at: https://github.com/AlmasB/FXGL/discussions
00:27:19.558 [JavaFX Application Thread] INFO  Engine               -              Join the FXGL chat at: https://gitter.im/AlmasB/FXGL
00:27:19.622 [JavaFX Application Thread] DEBUG PrimaryStageWindow   - Creating a JavaFX scene
00:27:19.622 [JavaFX Application Thread] DEBUG PrimaryStageWindow   - Target size > screen size
00:27:19.656 [JavaFX Application Thread] DEBUG PrimaryStageWindow   - Target settings size: 1400.0 x 900.0
00:27:19.656 [JavaFX Application Thread] DEBUG PrimaryStageWindow   - Scaled scene size:    1319.0 x 864.0
00:27:19.656 [JavaFX Application Thread] DEBUG PrimaryStageWindow   - Scaled ratio: (0.9421428571428572, 0.96)
00:27:19.658 [JavaFX Application Thread] DEBUG PrimaryStageWindow   - Set initial scene to FXGLStartupScene
00:27:19.660 [JavaFX Application Thread] DEBUG PrimaryStageWindow   - Opening main window
00:27:19.747 [JavaFX Application Thread] DEBUG PrimaryStageWindow   - Window border size: (14.5999755859375, 37.5999755859375)
00:27:19.747 [JavaFX Application Thread] DEBUG PrimaryStageWindow   - Scaled size: 1319.0 x 864.0
00:27:19.749 [JavaFX Application Thread] DEBUG PrimaryStageWindow   - Scaled ratio: (0.9421428571428572, 0.96)
00:27:19.749 [JavaFX Application Thread] DEBUG PrimaryStageWindow   - Scene size: 1319.0 x 864.0
00:27:19.749 [JavaFX Application Thread] DEBUG PrimaryStageWindow   - Stage size: 1333.5999755859375 x 901.5999755859375
00:27:19.756 [FXGL Background Thread 1 ] DEBUG Engine               - Initializing environment variables
00:27:19.810 [FXGL Background Thread 1 ] DEBUG FXGLAssetLoaderServi - User app class for loading assets: class com.example.realphysics.App
00:27:19.810 [FXGL Background Thread 1 ] DEBUG GameApplicationServi - Applying CSS: fxgl_dark.css
00:27:19.810 [FXGL Background Thread 1 ] DEBUG FXGLAssetLoaderServi - Loading from file system: jar:file:///C:/Users/naith/.m2/repository/com/github/almasb/fxgl/21.1/fxgl-21.1.jar!/fxglassets/ui/css/fxgl_dark.css
00:27:19.849 [FXGL Background Thread 1 ] DEBUG GameApplicationServi - Initializing application scenes
00:27:19.896 [FXGL Background Thread 1 ] DEBUG GameWorld            - Game world initialized
00:27:19.948 [FXGL Background Thread 1 ] DEBUG PhysicsWorld         - Physics world initialized: appHeight=900, physics.ppm=50.0
00:27:19.949 [FXGL Background Thread 1 ] DEBUG PhysicsWorld         - Using strategy: BRUTE_FORCE
00:27:19.952 [FXGL Background Thread 1 ] DEBUG GameScene            - Game scene initialized: 1400x900
00:27:19.960 [FXGL Background Thread 1 ] DEBUG FXGL.DefaultMenu     - createMenuBodyGameMenu()
00:27:19.970 [FXGL Background Thread 1 ] DEBUG FXGL.DefaultMenu     - createOptionsMenu()
00:27:19.977 [FXGL Background Thread 1 ] DEBUG FXGLAssetLoaderServi - Loading from file system: jar:file:///C:/Users/naith/.m2/repository/com/github/almasb/fxgl/21.1/fxgl-21.1.jar!/fxglassets/textures/particles/smoke.png
00:27:20.063 [FXGL Background Thread 1 ] DEBUG FXGLAssetLoaderServi - Loading from file system: jar:file:///C:/Users/naith/.m2/repository/com/github/almasb/fxgl/21.1/fxgl-21.1.jar!/fxglassets/textures/particles/trace_horizontal.png
00:27:20.090 [FXGL Background Thread 1 ] DEBUG GameApplicationServi - Application scenes initialized
00:27:20.101 [FXGL Background Thread 1 ] DEBUG SystemBundleService  - Loading FXGL system data
00:27:20.104 [FXGL Background Thread 1 ] DEBUG FileSystemAccess     - Reading from: C:\Physics engin\RealPhysics\system\fxgl.bundle
00:27:20.112 [FXGL Background Thread 1 ] DEBUG SystemBundleService  - Bundle FXGL: {}
00:27:20.112 [FXGL Background Thread 1 ] DEBUG UpdaterService       - Checking for updates
00:27:20.120 [FXGL Background Thread 4 ] DEBUG FXGLApplication      - Loading fonts
00:27:20.120 [FXGL Background Thread 4 ] DEBUG FXGLAssetLoaderServi - Loading from file system: jar:file:///C:/Users/naith/.m2/repository/com/github/almasb/fxgl/21.1/fxgl-21.1.jar!/fxglassets/ui/fonts/VarelaRound-Regular.ttf
00:27:20.123 [FXGL Background Thread 1 ] DEBUG FXGLApplication      - Loading default localization
00:27:20.123 [FXGL Background Thread 1 ] DEBUG FXGLAssetLoaderServi - Loading from file system: jar:file:///C:/Users/naith/.m2/repository/com/github/almasb/fxgl/21.1/fxgl-21.1.jar!/fxglassets/languages/english.lang
00:27:20.147 [FXGL Background Thread 1 ] INFO  FXGLApplication      - FXGL initialization took: 0.391 sec
00:27:20.148 [JavaFX Application Thread] DEBUG FXGLAssetLoaderServi - Loading from file system: jar:file:///C:/Users/naith/.m2/repository/com/github/almasb/fxgl/21.1/fxgl-21.1.jar!/fxglassets/textures/fxgl_icon.png
00:27:20.149 [FXGL Background Thread 4 ] DEBUG FXGLAssetLoaderServi - Loading from file system: jar:file:///C:/Users/naith/.m2/repository/com/github/almasb/fxgl/21.1/fxgl-21.1.jar!/fxglassets/ui/fonts/Abel-Regular.ttf
00:27:20.151 [FXGL Background Thread 4 ] DEBUG FXGLAssetLoaderServi - Loading from file system: jar:file:///C:/Users/naith/.m2/repository/com/github/almasb/fxgl/21.1/fxgl-21.1.jar!/fxglassets/ui/fonts/TerminalLandMono-Regular.otf
00:27:20.153 [FXGL Background Thread 4 ] DEBUG FXGLAssetLoaderServi - Loading from file system: jar:file:///C:/Users/naith/.m2/repository/com/github/almasb/fxgl/21.1/fxgl-21.1.jar!/fxglassets/ui/fonts/Courier-Prime.ttf
00:27:20.167 [JavaFX Application Thread] DEBUG FXGLAssetLoaderServi - Loading from file system: jar:file:///C:/Users/naith/.m2/repository/com/github/almasb/fxgl/21.1/fxgl-21.1.jar!/fxglassets/textures/fxgl_default_cursor.png
00:27:20.179 [JavaFX Application Thread] DEBUG Input                - Registered new binding: Screenshot - CTRL+8
00:27:20.180 [JavaFX Application Thread] DEBUG Input                - Registered new binding: System info dump - CTRL+9
00:27:20.180 [JavaFX Application Thread] DEBUG Input                - Registered new binding: Restart - CTRL+R
00:27:20.180 [JavaFX Application Thread] DEBUG Input                - Registered new binding: Toggle Debug Camera - CTRL+7
00:27:20.182 [JavaFX Application Thread] DEBUG LoopRunner           - Starting loop
00:27:20.182 [JavaFX Application Thread] DEBUG LoopRunner           - Initializing JavaFX AnimationTimerLoop
00:27:20.182 [JavaFX Application Thread] DEBUG GameApplicationServi - Starting new game
00:27:20.183 [JavaFX Application Thread] DEBUG Input                - Clearing active input actions
00:27:20.194 [JavaFX Application Thread] DEBUG GameApplicationServi - Removing overlay from FXGLStartupScene and adding to FXGLLoadingScene
00:27:20.194 [JavaFX Application Thread] DEBUG PrimaryStageWindow   - FXGLStartupScene -> FXGLLoadingScene
00:27:20.194 [JavaFX Application Thread] DEBUG GameApplicationServi - Clearing previous game
00:27:20.194 [JavaFX Application Thread] DEBUG GameScene            - Clearing game scene
00:27:20.194 [JavaFX Application Thread] DEBUG GameWorld            - Clearing game world
00:27:20.195 [JavaFX Application Thread] DEBUG PhysicsWorld         - Clearing physics world
00:27:20.198 [JavaFX Application Thread] DEBUG FXGLApplication      - Registering font factories with UI factory
00:27:20.219 [FXGL Background Thread 4 ] INFO  FXGLApplication      - Game initialization took: 0.021 sec
00:27:20.270 [JavaFX Application Thread] DEBUG Input                - Clearing active input actions
00:27:20.275 [JavaFX Application Thread] DEBUG GameApplicationServi - Removing overlay from FXGLLoadingScene and adding to GameScene
00:27:20.276 [JavaFX Application Thread] DEBUG PrimaryStageWindow   - FXGLLoadingScene -> GameScene
00:27:20.620 [FXGL Background Thread 2 ] INFO  UpdaterService       - Your current version:  21.1
00:27:20.620 [FXGL Background Thread 2 ] INFO  UpdaterService       - Latest stable version: 25
00:27:23.120 [FXGL Background Thread 3 ] DEBUG Engine               - Logging environment variables
00:27:23.120 [FXGL Background Thread 3 ] DEBUG Engine               - achievements: []
00:27:23.120 [FXGL Background Thread 3 ] DEBUG Engine               - actualHeight: 864.0
00:27:23.121 [FXGL Background Thread 3 ] DEBUG Engine               - actualHeightProperty: ReadOnlyDoubleProperty [value: 864.0]
00:27:23.121 [FXGL Background Thread 3 ] DEBUG Engine               - actualWidth: 1319.0
00:27:23.121 [FXGL Background Thread 3 ] DEBUG Engine               - actualWidthProperty: ReadOnlyDoubleProperty [value: 1319.0]
00:27:23.121 [FXGL Background Thread 3 ] DEBUG Engine               - appIcon: fxgl_icon.png
00:27:23.121 [FXGL Background Thread 3 ] DEBUG Engine               - applicationMode: DEVELOPER
00:27:23.121 [FXGL Background Thread 3 ] DEBUG Engine               - cSSList: [fxgl_dark.css]
00:27:23.121 [FXGL Background Thread 3 ] DEBUG Engine               - collisionDetectionStrategy: BRUTE_FORCE
00:27:23.121 [FXGL Background Thread 3 ] DEBUG Engine               - configClass: Optional.empty
00:27:23.121 [FXGL Background Thread 3 ] DEBUG Engine               - credits: []
00:27:23.121 [FXGL Background Thread 3 ] DEBUG Engine               - defaultCursor: CursorInfo(imageName=fxgl_default_cursor.png, hotspotX=7.0, hotspotY=6.0)
00:27:23.122 [FXGL Background Thread 3 ] DEBUG Engine               - devBBoxColorProperty: ObjectProperty [value: 0xff0000ff]
00:27:23.122 [FXGL Background Thread 3 ] DEBUG Engine               - devEnableDebugCameraProperty: BooleanProperty [value: false]
00:27:23.122 [FXGL Background Thread 3 ] DEBUG Engine               - devSensorColorProperty: ObjectProperty [value: 0xffff00ff]
00:27:23.122 [FXGL Background Thread 3 ] DEBUG Engine               - devShowBBoxProperty: BooleanProperty [value: false]
00:27:23.122 [FXGL Background Thread 3 ] DEBUG Engine               - devShowPositionProperty: BooleanProperty [value: false]
00:27:23.122 [FXGL Background Thread 3 ] DEBUG Engine               - enabledMenuItems: []
00:27:23.122 [FXGL Background Thread 3 ] DEBUG Engine               - engineServices: [class com.almasb.fxgl.app.services.FXGLAssetLoaderService, class com.almasb.fxgl.app.FXGLApplication$GameApplicationService, class com.almasb.fxgl.app.services.FXGLDialogService, class com.almasb.fxgl.app.services.IOTaskExecutorService, class com.almasb.fxgl.io.FileSystemService, class com.almasb.fxgl.localization.LocalizationService, class com.almasb.fxgl.app.services.SystemBundleService, class com.almasb.fxgl.profile.SaveLoadService, class com.almasb.fxgl.ui.FXGLUIFactoryServiceProvider, class com.almasb.fxgl.ui.FXGLDialogFactoryServiceProvider, class com.almasb.fxgl.audio.AudioPlayer, class com.almasb.fxgl.notification.impl.NotificationServiceProvider, class com.almasb.fxgl.achievement.AchievementService, class com.almasb.fxgl.cutscene.CutsceneService, class com.almasb.fxgl.minigames.MiniGameService, class com.almasb.fxgl.net.NetService, class com.almasb.fxgl.app.services.UpdaterService, class com.almasb.fxgl.dev.DevService, class com.almasb.fxgl.dev.profiling.ProfilerService]
00:27:23.123 [FXGL Background Thread 3 ] DEBUG Engine               - fontGame: Abel-Regular.ttf
00:27:23.123 [FXGL Background Thread 3 ] DEBUG Engine               - fontMono: TerminalLandMono-Regular.otf
00:27:23.123 [FXGL Background Thread 3 ] DEBUG Engine               - fontSizeScaleUI: 1.0
00:27:23.123 [FXGL Background Thread 3 ] DEBUG Engine               - fontText: Courier-Prime.ttf
00:27:23.123 [FXGL Background Thread 3 ] DEBUG Engine               - fontUI: VarelaRound-Regular.ttf
00:27:23.123 [FXGL Background Thread 3 ] DEBUG Engine               - fullScreen: BooleanProperty [value: false]
00:27:23.123 [FXGL Background Thread 3 ] DEBUG Engine               - gameDifficulty: MEDIUM
00:27:23.123 [FXGL Background Thread 3 ] DEBUG Engine               - gameDifficultyProperty: ObjectProperty [value: MEDIUM]
00:27:23.123 [FXGL Background Thread 3 ] DEBUG Engine               - globalMusicVolume: 0.5
00:27:23.123 [FXGL Background Thread 3 ] DEBUG Engine               - globalMusicVolumeProperty: DoubleProperty [value: 0.5]
00:27:23.123 [FXGL Background Thread 3 ] DEBUG Engine               - globalSoundVolume: 0.5
00:27:23.123 [FXGL Background Thread 3 ] DEBUG Engine               - globalSoundVolumeProperty: DoubleProperty [value: 0.5]
00:27:23.123 [FXGL Background Thread 3 ] DEBUG Engine               - height: 900
00:27:23.123 [FXGL Background Thread 3 ] DEBUG Engine               - is3D: false
00:27:23.123 [FXGL Background Thread 3 ] DEBUG Engine               - isAndroid: false
00:27:23.123 [FXGL Background Thread 3 ] DEBUG Engine               - isBrowser: false
00:27:23.123 [FXGL Background Thread 3 ] DEBUG Engine               - isClickFeedbackEnabled: false
00:27:23.123 [FXGL Background Thread 3 ] DEBUG Engine               - isCloseConfirmation: false
00:27:23.123 [FXGL Background Thread 3 ] DEBUG Engine               - isDesktop: true
00:27:23.123 [FXGL Background Thread 3 ] DEBUG Engine               - isDeveloperMenuEnabled: false
00:27:23.123 [FXGL Background Thread 3 ] DEBUG Engine               - isEmbedded: false
00:27:23.123 [FXGL Background Thread 3 ] DEBUG Engine               - isEntityPreloadEnabled: true
00:27:23.123 [FXGL Background Thread 3 ] DEBUG Engine               - isExperimentalTiledLargeMap: false
00:27:23.123 [FXGL Background Thread 3 ] DEBUG Engine               - isFileSystemWriteAllowed: true
00:27:23.123 [FXGL Background Thread 3 ] DEBUG Engine               - isFullScreenAllowed: false
00:27:23.123 [FXGL Background Thread 3 ] DEBUG Engine               - isFullScreenFromStart: false
00:27:23.123 [FXGL Background Thread 3 ] DEBUG Engine               - isGameMenuEnabled: true
00:27:23.123 [FXGL Background Thread 3 ] DEBUG Engine               - isIOS: false
00:27:23.123 [FXGL Background Thread 3 ] DEBUG Engine               - isIntroEnabled: false
00:27:23.123 [FXGL Background Thread 3 ] DEBUG Engine               - isLinux: false
00:27:23.124 [FXGL Background Thread 3 ] DEBUG Engine               - isMac: false
00:27:23.124 [FXGL Background Thread 3 ] DEBUG Engine               - isMainMenuEnabled: false
00:27:23.124 [FXGL Background Thread 3 ] DEBUG Engine               - isManualResizeEnabled: false
00:27:23.124 [FXGL Background Thread 3 ] DEBUG Engine               - isMobile: false
00:27:23.124 [FXGL Background Thread 3 ] DEBUG Engine               - isNative: false
00:27:23.124 [FXGL Background Thread 3 ] DEBUG Engine               - isPauseMusicWhenMinimized: true
00:27:23.124 [FXGL Background Thread 3 ] DEBUG Engine               - isPreserveResizeRatio: false
00:27:23.124 [FXGL Background Thread 3 ] DEBUG Engine               - isProfilingEnabled: true
00:27:23.124 [FXGL Background Thread 3 ] DEBUG Engine               - isScaleAffectedOnResize: true
00:27:23.124 [FXGL Background Thread 3 ] DEBUG Engine               - isSingleStep: false
00:27:23.124 [FXGL Background Thread 3 ] DEBUG Engine               - isUserProfileEnabled: false
00:27:23.124 [FXGL Background Thread 3 ] DEBUG Engine               - isWindows: true
00:27:23.124 [FXGL Background Thread 3 ] DEBUG Engine               - language: ObjectProperty [value: ENGLISH]
00:27:23.124 [FXGL Background Thread 3 ] DEBUG Engine               - menuKey: ESCAPE
00:27:23.124 [FXGL Background Thread 3 ] DEBUG Engine               - mouseSensitivity: 0.2
00:27:23.124 [FXGL Background Thread 3 ] DEBUG Engine               - notificationViewClass: class com.almasb.fxgl.notification.view.XboxNotificationView
00:27:23.124 [FXGL Background Thread 3 ] DEBUG Engine               - pixelsPerMeter: 50.0
00:27:23.124 [FXGL Background Thread 3 ] DEBUG Engine               - platform: WINDOWS
00:27:23.124 [FXGL Background Thread 3 ] DEBUG Engine               - prefHeightProperty: ReadOnlyDoubleProperty [value: 900.0]
00:27:23.124 [FXGL Background Thread 3 ] DEBUG Engine               - prefWidthProperty: ReadOnlyDoubleProperty [value: 1400.0]
00:27:23.124 [FXGL Background Thread 3 ] DEBUG Engine               - profileDir: profiles/
00:27:23.124 [FXGL Background Thread 3 ] DEBUG Engine               - profileName: StringProperty [value: DEFAULT]
00:27:23.124 [FXGL Background Thread 3 ] DEBUG Engine               - randomSeed: -1
00:27:23.125 [FXGL Background Thread 3 ] DEBUG Engine               - runtimeInfo: RuntimeInfo(platform=WINDOWS, version=21.1, build=27.03.2024 07.52)
00:27:23.125 [FXGL Background Thread 3 ] DEBUG Engine               - saveFileExt: sav
00:27:23.125 [FXGL Background Thread 3 ] DEBUG Engine               - scaledHeightProp$fxgl: DoubleProperty [bound, value: 864.0]
00:27:23.125 [FXGL Background Thread 3 ] DEBUG Engine               - scaledWidthProp$fxgl: DoubleProperty [bound, value: 1319.0]
00:27:23.125 [FXGL Background Thread 3 ] DEBUG Engine               - sceneFactory: com.almasb.fxgl.app.scene.SceneFactory@6d87f0c0
00:27:23.125 [FXGL Background Thread 3 ] DEBUG Engine               - secondsIn24h: 60
00:27:23.125 [FXGL Background Thread 3 ] DEBUG Engine               - soundMenuBack: menu/back.wav
00:27:23.125 [FXGL Background Thread 3 ] DEBUG Engine               - soundMenuPress: menu/press.wav
00:27:23.125 [FXGL Background Thread 3 ] DEBUG Engine               - soundMenuSelect: menu/select.wav
00:27:23.125 [FXGL Background Thread 3 ] DEBUG Engine               - soundNotification: core/notification.wav
00:27:23.125 [FXGL Background Thread 3 ] DEBUG Engine               - stageStyle: DECORATED
00:27:23.125 [FXGL Background Thread 3 ] DEBUG Engine               - supportedLanguages: [ENGLISH, FRENCH, GERMAN, HUNGARIAN, RUSSIAN]
00:27:23.125 [FXGL Background Thread 3 ] DEBUG Engine               - ticksPerSecond: -1
00:27:23.125 [FXGL Background Thread 3 ] DEBUG Engine               - title: RealPhysics
00:27:23.125 [FXGL Background Thread 3 ] DEBUG Engine               - urlGithub: https://github.com/AlmasB/FXGL
00:27:23.125 [FXGL Background Thread 3 ] DEBUG Engine               - urlLeaderboard: http://fxgl-top.herokuapp.com/
00:27:23.125 [FXGL Background Thread 3 ] DEBUG Engine               - urlPOM: https://raw.githubusercontent.com/AlmasB/FXGL/release/README.md
00:27:23.126 [FXGL Background Thread 3 ] DEBUG Engine               - userAppClass: class com.example.realphysics.App
00:27:23.126 [FXGL Background Thread 3 ] DEBUG Engine               - version: 0.0
00:27:23.126 [FXGL Background Thread 3 ] DEBUG Engine               - versionCheckDays: 7
00:27:23.126 [FXGL Background Thread 3 ] DEBUG Engine               - width: 1400
00:27:23.126 [FXGL Background Thread 3 ] DEBUG Engine               - Logging services
00:27:23.126 [FXGL Background Thread 3 ] DEBUG Engine               - class com.almasb.fxgl.app.services.FXGLAssetLoaderService
00:27:23.126 [FXGL Background Thread 3 ] DEBUG Engine               - class com.almasb.fxgl.app.FXGLApplication$GameApplicationService
00:27:23.126 [FXGL Background Thread 3 ] DEBUG Engine               - class com.almasb.fxgl.app.services.FXGLDialogService
00:27:23.126 [FXGL Background Thread 3 ] DEBUG Engine               - class com.almasb.fxgl.app.services.IOTaskExecutorService
00:27:23.126 [FXGL Background Thread 3 ] DEBUG Engine               - class com.almasb.fxgl.io.FileSystemService
00:27:23.126 [FXGL Background Thread 3 ] DEBUG Engine               - class com.almasb.fxgl.localization.LocalizationService
00:27:23.126 [FXGL Background Thread 3 ] DEBUG Engine               - class com.almasb.fxgl.app.services.SystemBundleService
00:27:23.126 [FXGL Background Thread 3 ] DEBUG Engine               - class com.almasb.fxgl.profile.SaveLoadService
00:27:23.126 [FXGL Background Thread 3 ] DEBUG Engine               - class com.almasb.fxgl.ui.FXGLUIFactoryServiceProvider
00:27:23.126 [FXGL Background Thread 3 ] DEBUG Engine               - class com.almasb.fxgl.ui.FXGLDialogFactoryServiceProvider
00:27:23.126 [FXGL Background Thread 3 ] DEBUG Engine               - class com.almasb.fxgl.audio.AudioPlayer
00:27:23.126 [FXGL Background Thread 3 ] DEBUG Engine               - class com.almasb.fxgl.notification.impl.NotificationServiceProvider
00:27:23.126 [FXGL Background Thread 3 ] DEBUG Engine               - class com.almasb.fxgl.achievement.AchievementService
00:27:23.126 [FXGL Background Thread 3 ] DEBUG Engine               - class com.almasb.fxgl.cutscene.CutsceneService
00:27:23.126 [FXGL Background Thread 3 ] DEBUG Engine               - class com.almasb.fxgl.minigames.MiniGameService
00:27:23.126 [FXGL Background Thread 3 ] DEBUG Engine               - class com.almasb.fxgl.net.NetService
00:27:23.126 [FXGL Background Thread 3 ] DEBUG Engine               - class com.almasb.fxgl.app.services.UpdaterService
00:27:23.126 [FXGL Background Thread 3 ] DEBUG Engine               - class com.almasb.fxgl.dev.DevService
00:27:23.126 [FXGL Background Thread 3 ] DEBUG Engine               - class com.almasb.fxgl.dev.profiling.ProfilerService
00:27:37.396 [JavaFX Application Thread] DEBUG FXGLApplication      - Exiting FXGL
00:27:37.397 [JavaFX Application Thread] DEBUG LoopRunner           - Stopping loop
00:27:37.397 [JavaFX Application Thread] DEBUG SystemBundleService  - Saving FXGL system data
00:27:37.398 [JavaFX Application Thread] DEBUG FileSystemAccess     - Writing to: C:\Physics engin\RealPhysics\system\fxgl.bundle
00:27:37.401 [JavaFX Application Thread] INFO  ProfilerWindow       - Profiler (FPS) - 2418 frames
00:27:37.401 [JavaFX Application Thread] INFO  ProfilerWindow       - Average: 133.28329197684036
00:27:37.401 [JavaFX Application Thread] INFO  ProfilerWindow       - Minimum: 60.0
00:27:37.401 [JavaFX Application Thread] INFO  ProfilerWindow       - Maximum: 144.0
00:27:37.401 [JavaFX Application Thread] INFO  ProfilerWindow       - Profiler (CPU (ms)) - 2418 frames
00:27:37.401 [JavaFX Application Thread] INFO  ProfilerWindow       - Average: 0.26808593879239107
00:27:37.401 [JavaFX Application Thread] INFO  ProfilerWindow       - Minimum: 0.0
00:27:37.401 [JavaFX Application Thread] INFO  ProfilerWindow       - Maximum: 12.2614
00:27:37.401 [JavaFX Application Thread] INFO  ProfilerWindow       - Profiler (RAM (MB)) - 2418 frames
00:27:37.401 [JavaFX Application Thread] INFO  ProfilerWindow       - Average: 29.49925792305996
00:27:37.401 [JavaFX Application Thread] INFO  ProfilerWindow       - Minimum: 14.607963562011719
00:27:37.401 [JavaFX Application Thread] INFO  ProfilerWindow       - Maximum: 49.21411895751953
00:27:37.401 [JavaFX Application Thread] INFO  ProfilerService      - Estimated GC runs: 7
00:27:37.401 [JavaFX Application Thread] DEBUG Async                - Shutting down background threads
00:27:37.401 [JavaFX Application Thread] DEBUG PrimaryStageWindow   - Closing main window
00:27:37.414 [JavaFX Application Thread] DEBUG Logger               - Closing Logger
